------------------
System Information
------------------
Time of this report: 8/8/2016, 15:58:00
       Machine name: MRZAY
   Operating System: Windows 8.1 Enterprise 64-bit (6.3, Build 9600) (9600.winblue_ltsb.160611-0600)
           Language: Spanish (Regional Setting: Spanish)
System Manufacturer: To Be Filled By O.E.M.
       System Model: To Be Filled By O.E.M.
               BIOS: Default System BIOS
          Processor: AMD FX(tm)-6100 Six-Core Processor              (6 CPUs), ~3.3GHz
             Memory: 8192MB RAM
Available OS Memory: 8176MB RAM
          Page File: 5242MB used, 4212MB available
        Windows Dir: C:\Windows
    DirectX Version: DirectX 11
DX Setup Parameters: Not found
   User DPI Setting: Using System DPI
 System DPI Setting: 96 DPI (100 percent)
    DWM DPI Scaling: Disabled
     DxDiag Version: 6.03.9600.17415 32bit Unicode

------------
DxDiag Notes
------------
      Display Tab 1: No problems found.
        Sound Tab 1: No problems found.
        Sound Tab 2: No problems found.
          Input Tab: No problems found.

--------------------
DirectX Debug Levels
--------------------
Direct3D:    0/4 (retail)
DirectDraw:  0/4 (retail)
DirectInput: 0/5 (retail)
DirectMusic: 0/5 (retail)
DirectPlay:  0/9 (retail)
DirectSound: 0/5 (retail)
DirectShow:  0/6 (retail)

---------------
Display Devices
---------------
          Card name: NVIDIA GeForce GT 610  
       Manufacturer: NVIDIA
          Chip type: GeForce GT 610
           DAC type: Integrated RAMDAC
        Device Type: Full Device
         Device Key: Enum\PCI\VEN_10DE&DEV_104A&SUBSYS_26193842&REV_A1
     Display Memory: 4043 MB
   Dedicated Memory: 1995 MB
      Shared Memory: 2047 MB
       Current Mode: 1600 x 900 (32 bit) (60Hz)
       Monitor Name: Generic PnP Monitor
      Monitor Model: LG HD PLUS
         Monitor Id: GSM5AC5
        Native Mode: 1600 x 900(p) (60.000Hz)
        Output Type: HD15
        Driver Name: nvd3dumx.dll,nvwgf2umx.dll,nvwgf2umx.dll,nvd3dum,nvwgf2um,nvwgf2um
Driver File Version: 10.18.0013.6472 (English)
     Driver Version: 10.18.13.6472
        DDI Version: 11
     Feature Levels: 11.0,10.1,10.0,9.3,9.2,9.1
       Driver Model: WDDM 1.3
Graphics Preemption: DMA
 Compute Preemption: DMA
           Miracast: Not Supported
Hybrid Graphics GPU: Integrated
     Power P-states: Not Supported
  Driver Attributes: Final Retail
   Driver Date/Size: 3/21/2016 23:12:59, 17248408 bytes
        WHQL Logo'd: Yes
    WHQL Date Stamp: 
  Device Identifier: {D7B71E3E-530A-11CF-BA42-14061CC2C735}
          Vendor ID: 0x10DE
          Device ID: 0x104A
          SubSys ID: 0x26193842
        Revision ID: 0x00A1
 Driver Strong Name: oem8.inf:0f066de31a238341:Section004:10.18.13.6472:pci\ven_10de&dev_104a
     Rank Of Driver: 00DA2001
        Video Accel: ModeMPEG2_A ModeMPEG2_C ModeVC1_C ModeWMV9_C 
        DXVA2 Modes: DXVA2_ModeMPEG2_IDCT  DXVA2_ModeMPEG2_VLD  DXVA2_ModeVC1_VLD  DXVA2_ModeVC1_IDCT  DXVA2_ModeWMV9_IDCT  DXVA2_ModeH264_VLD_NoFGT  
   Deinterlace Caps: {6CB69578-7617-4637-91E5-1C02DB810285}: Format(In/Out)=(YUY2,YUY2) Frames(Prev/Fwd/Back)=(0,0,0) Caps=VideoProcess_YUV2RGB VideoProcess_StretchX VideoProcess_StretchY DeinterlaceTech_PixelAdaptive 
                     {F9F19DA5-3B09-4B2F-9D89-C64753E3EAAB}: Format(In/Out)=(YUY2,YUY2) Frames(Prev/Fwd/Back)=(0,0,0) Caps=VideoProcess_YUV2RGB VideoProcess_StretchX VideoProcess_StretchY 
                     {5A54A0C9-C7EC-4BD9-8EDE-F3C75DC4393B}: Format(In/Out)=(YUY2,YUY2) Frames(Prev/Fwd/Back)=(0,0,0) Caps=VideoProcess_YUV2RGB VideoProcess_StretchX VideoProcess_StretchY 
                     {335AA36E-7884-43A4-9C91-7F87FAF3E37E}: Format(In/Out)=(YUY2,YUY2) Frames(Prev/Fwd/Back)=(0,0,0) Caps=VideoProcess_YUV2RGB VideoProcess_StretchX VideoProcess_StretchY DeinterlaceTech_BOBVerticalStretch 
                     {6CB69578-7617-4637-91E5-1C02DB810285}: Format(In/Out)=(UYVY,UYVY) Frames(Prev/Fwd/Back)=(0,0,0) Caps=VideoProcess_YUV2RGB VideoProcess_StretchX VideoProcess_StretchY DeinterlaceTech_PixelAdaptive 
                     {F9F19DA5-3B09-4B2F-9D89-C64753E3EAAB}: Format(In/Out)=(UYVY,UYVY) Frames(Prev/Fwd/Back)=(0,0,0) Caps=VideoProcess_YUV2RGB VideoProcess_StretchX VideoProcess_StretchY 
                     {5A54A0C9-C7EC-4BD9-8EDE-F3C75DC4393B}: Format(In/Out)=(UYVY,UYVY) Frames(Prev/Fwd/Back)=(0,0,0) Caps=VideoProcess_YUV2RGB VideoProcess_StretchX VideoProcess_StretchY 
                     {335AA36E-7884-43A4-9C91-7F87FAF3E37E}: Format(In/Out)=(UYVY,UYVY) Frames(Prev/Fwd/Back)=(0,0,0) Caps=VideoProcess_YUV2RGB VideoProcess_StretchX VideoProcess_StretchY DeinterlaceTech_BOBVerticalStretch 
                     {6CB69578-7617-4637-91E5-1C02DB810285}: Format(In/Out)=(YV12,0x32315659) Frames(Prev/Fwd/Back)=(0,0,0) Caps=VideoProcess_YUV2RGB VideoProcess_StretchX VideoProcess_StretchY DeinterlaceTech_PixelAdaptive 
                     {F9F19DA5-3B09-4B2F-9D89-C64753E3EAAB}: Format(In/Out)=(YV12,0x32315659) Frames(Prev/Fwd/Back)=(0,0,0) Caps=VideoProcess_YUV2RGB VideoProcess_StretchX VideoProcess_StretchY 
                     {5A54A0C9-C7EC-4BD9-8EDE-F3C75DC4393B}: Format(In/Out)=(YV12,0x32315659) Frames(Prev/Fwd/Back)=(0,0,0) Caps=VideoProcess_YUV2RGB VideoProcess_StretchX VideoProcess_StretchY 
                     {335AA36E-7884-43A4-9C91-7F87FAF3E37E}: Format(In/Out)=(YV12,0x32315659) Frames(Prev/Fwd/Back)=(0,0,0) Caps=VideoProcess_YUV2RGB VideoProcess_StretchX VideoProcess_StretchY DeinterlaceTech_BOBVerticalStretch 
                     {6CB69578-7617-4637-91E5-1C02DB810285}: Format(In/Out)=(NV12,0x3231564e) Frames(Prev/Fwd/Back)=(0,0,0) Caps=VideoProcess_YUV2RGB VideoProcess_StretchX VideoProcess_StretchY DeinterlaceTech_PixelAdaptive 
                     {F9F19DA5-3B09-4B2F-9D89-C64753E3EAAB}: Format(In/Out)=(NV12,0x3231564e) Frames(Prev/Fwd/Back)=(0,0,0) Caps=VideoProcess_YUV2RGB VideoProcess_StretchX VideoProcess_StretchY 
                     {5A54A0C9-C7EC-4BD9-8EDE-F3C75DC4393B}: Format(In/Out)=(NV12,0x3231564e) Frames(Prev/Fwd/Back)=(0,0,0) Caps=VideoProcess_YUV2RGB VideoProcess_StretchX VideoProcess_StretchY 
                     {335AA36E-7884-43A4-9C91-7F87FAF3E37E}: Format(In/Out)=(NV12,0x3231564e) Frames(Prev/Fwd/Back)=(0,0,0) Caps=VideoProcess_YUV2RGB VideoProcess_StretchX VideoProcess_StretchY DeinterlaceTech_BOBVerticalStretch 
                     {6CB69578-7617-4637-91E5-1C02DB810285}: Format(In/Out)=(IMC1,UNKNOWN) Frames(Prev/Fwd/Back)=(0,0,0) Caps=
                     {F9F19DA5-3B09-4B2F-9D89-C64753E3EAAB}: Format(In/Out)=(IMC1,UNKNOWN) Frames(Prev/Fwd/Back)=(0,0,0) Caps=
                     {5A54A0C9-C7EC-4BD9-8EDE-F3C75DC4393B}: Format(In/Out)=(IMC1,UNKNOWN) Frames(Prev/Fwd/Back)=(0,0,0) Caps=
                     {335AA36E-7884-43A4-9C91-7F87FAF3E37E}: Format(In/Out)=(IMC1,UNKNOWN) Frames(Prev/Fwd/Back)=(0,0,0) Caps=
                     {6CB69578-7617-4637-91E5-1C02DB810285}: Format(In/Out)=(IMC2,UNKNOWN) Frames(Prev/Fwd/Back)=(0,0,0) Caps=
                     {F9F19DA5-3B09-4B2F-9D89-C64753E3EAAB}: Format(In/Out)=(IMC2,UNKNOWN) Frames(Prev/Fwd/Back)=(0,0,0) Caps=
                     {5A54A0C9-C7EC-4BD9-8EDE-F3C75DC4393B}: Format(In/Out)=(IMC2,UNKNOWN) Frames(Prev/Fwd/Back)=(0,0,0) Caps=
                     {335AA36E-7884-43A4-9C91-7F87FAF3E37E}: Format(In/Out)=(IMC2,UNKNOWN) Frames(Prev/Fwd/Back)=(0,0,0) Caps=
                     {6CB69578-7617-4637-91E5-1C02DB810285}: Format(In/Out)=(IMC3,UNKNOWN) Frames(Prev/Fwd/Back)=(0,0,0) Caps=
                     {F9F19DA5-3B09-4B2F-9D89-C64753E3EAAB}: Format(In/Out)=(IMC3,UNKNOWN) Frames(Prev/Fwd/Back)=(0,0,0) Caps=
                     {5A54A0C9-C7EC-4BD9-8EDE-F3C75DC4393B}: Format(In/Out)=(IMC3,UNKNOWN) Frames(Prev/Fwd/Back)=(0,0,0) Caps=
                     {335AA36E-7884-43A4-9C91-7F87FAF3E37E}: Format(In/Out)=(IMC3,UNKNOWN) Frames(Prev/Fwd/Back)=(0,0,0) Caps=
                     {6CB69578-7617-4637-91E5-1C02DB810285}: Format(In/Out)=(IMC4,UNKNOWN) Frames(Prev/Fwd/Back)=(0,0,0) Caps=
                     {F9F19DA5-3B09-4B2F-9D89-C64753E3EAAB}: Format(In/Out)=(IMC4,UNKNOWN) Frames(Prev/Fwd/Back)=(0,0,0) Caps=
                     {5A54A0C9-C7EC-4BD9-8EDE-F3C75DC4393B}: Format(In/Out)=(IMC4,UNKNOWN) Frames(Prev/Fwd/Back)=(0,0,0) Caps=
                     {335AA36E-7884-43A4-9C91-7F87FAF3E37E}: Format(In/Out)=(IMC4,UNKNOWN) Frames(Prev/Fwd/Back)=(0,0,0) Caps=
                     {6CB69578-7617-4637-91E5-1C02DB810285}: Format(In/Out)=(S340,UNKNOWN) Frames(Prev/Fwd/Back)=(0,0,0) Caps=
                     {F9F19DA5-3B09-4B2F-9D89-C64753E3EAAB}: Format(In/Out)=(S340,UNKNOWN) Frames(Prev/Fwd/Back)=(0,0,0) Caps=
                     {5A54A0C9-C7EC-4BD9-8EDE-F3C75DC4393B}: Format(In/Out)=(S340,UNKNOWN) Frames(Prev/Fwd/Back)=(0,0,0) Caps=
                     {335AA36E-7884-43A4-9C91-7F87FAF3E37E}: Format(In/Out)=(S340,UNKNOWN) Frames(Prev/Fwd/Back)=(0,0,0) Caps=
                     {6CB69578-7617-4637-91E5-1C02DB810285}: Format(In/Out)=(S342,UNKNOWN) Frames(Prev/Fwd/Back)=(0,0,0) Caps=
                     {F9F19DA5-3B09-4B2F-9D89-C64753E3EAAB}: Format(In/Out)=(S342,UNKNOWN) Frames(Prev/Fwd/Back)=(0,0,0) Caps=
                     {5A54A0C9-C7EC-4BD9-8EDE-F3C75DC4393B}: Format(In/Out)=(S342,UNKNOWN) Frames(Prev/Fwd/Back)=(0,0,0) Caps=
                     {335AA36E-7884-43A4-9C91-7F87FAF3E37E}: Format(In/Out)=(S342,UNKNOWN) Frames(Prev/Fwd/Back)=(0,0,0) Caps=
       D3D9 Overlay: Supported
            DXVA-HD: Supported
       DDraw Status: Enabled
         D3D Status: Enabled
         AGP Status: Enabled

-------------
Sound Devices
-------------
            Description: Speakers (High Definition Audio Device)
 Default Sound Playback: Yes
 Default Voice Playback: Yes
            Hardware ID: HDAUDIO\FUNC_01&VEN_10EC&DEV_0662&SUBSYS_18497662&REV_1001
        Manufacturer ID: 1
             Product ID: 65535
                   Type: WDM
            Driver Name: HdAudio.sys
         Driver Version: 6.03.9600.16384 (English)
      Driver Attributes: Final Retail
            WHQL Logo'd: Yes
          Date and Size: 8/22/2013 06:38:21, 395776 bytes
            Other Files: 
        Driver Provider: Microsoft
         HW Accel Level: Basic
              Cap Flags: 0xF1F
    Min/Max Sample Rate: 100, 200000
Static/Strm HW Mix Bufs: 1, 0
 Static/Strm HW 3D Bufs: 0, 0
              HW Memory: 0
       Voice Management: No
 EAX(tm) 2.0 Listen/Src: No, No
   I3DL2(tm) Listen/Src: No, No
Sensaura(tm) ZoomFX(tm): No

            Description: Headphones (High Definition Audio Device)
 Default Sound Playback: No
 Default Voice Playback: No
            Hardware ID: HDAUDIO\FUNC_01&VEN_10EC&DEV_0662&SUBSYS_18497662&REV_1001
        Manufacturer ID: 1
             Product ID: 65535
                   Type: WDM
            Driver Name: HdAudio.sys
         Driver Version: 6.03.9600.16384 (English)
      Driver Attributes: Final Retail
            WHQL Logo'd: Yes
          Date and Size: 8/22/2013 06:38:21, 395776 bytes
            Other Files: 
        Driver Provider: Microsoft
         HW Accel Level: Basic
              Cap Flags: 0xF1F
    Min/Max Sample Rate: 100, 200000
Static/Strm HW Mix Bufs: 1, 0
 Static/Strm HW 3D Bufs: 0, 0
              HW Memory: 0
       Voice Management: No
 EAX(tm) 2.0 Listen/Src: No, No
   I3DL2(tm) Listen/Src: No, No
Sensaura(tm) ZoomFX(tm): No

---------------------
Sound Capture Devices
---------------------
            Description: Microphone (High Definition Audio Device)
  Default Sound Capture: Yes
  Default Voice Capture: Yes
            Driver Name: HdAudio.sys
         Driver Version: 6.03.9600.16384 (English)
      Driver Attributes: Final Retail
          Date and Size: 8/22/2013 06:38:21, 395776 bytes
              Cap Flags: 0x1
           Format Flags: 0xFFFFF

---------------------
Video Capture Devices
Number of Devices: 0
---------------------
-------------------
DirectInput Devices
-------------------
      Device Name: Mouse
         Attached: 1
    Controller ID: n/a
Vendor/Product ID: n/a
        FF Driver: n/a

      Device Name: Keyboard
         Attached: 1
    Controller ID: n/a
Vendor/Product ID: n/a
        FF Driver: n/a

      Device Name: 2.4GHZ Mouse
         Attached: 1
    Controller ID: 0x0
Vendor/Product ID: 0x0458, 0x00E4
        FF Driver: n/a

      Device Name: 2.4GHZ Mouse
         Attached: 1
    Controller ID: 0x0
Vendor/Product ID: 0x0458, 0x00E4
        FF Driver: n/a

      Device Name: 2.4GHZ Mouse
         Attached: 1
    Controller ID: 0x0
Vendor/Product ID: 0x0458, 0x00E4
        FF Driver: n/a

      Device Name: USB Keyboard
         Attached: 1
    Controller ID: 0x0
Vendor/Product ID: 0x04F2, 0x0402
        FF Driver: n/a

      Device Name: USB Keyboard
         Attached: 1
    Controller ID: 0x0
Vendor/Product ID: 0x04F2, 0x0402
        FF Driver: n/a

      Device Name: USB Keyboard
         Attached: 1
    Controller ID: 0x0
Vendor/Product ID: 0x04F2, 0x0402
        FF Driver: n/a

Poll w/ Interrupt: No

-----------
USB Devices
-----------
+ USB Root Hub
| Vendor/Product ID: 0x10DE, 0x03F2
| Matching Device ID: USB\ROOT_HUB20
| Service: usbhub

----------------
Gameport Devices
----------------

------------
PS/2 Devices
------------
+ HID Keyboard Device
| Vendor/Product ID: 0x04F2, 0x0402
| Matching Device ID: HID_DEVICE_SYSTEM_KEYBOARD
| Service: kbdhid
| 
+ HID-compliant mouse
| Vendor/Product ID: 0x046D, 0xC077
| Matching Device ID: HID_DEVICE_SYSTEM_MOUSE
| Service: mouhid
| 
+ HID-compliant mouse
| Vendor/Product ID: 0x0458, 0x00E4
| Matching Device ID: HID_DEVICE_SYSTEM_MOUSE
| Service: mouhid

------------------------
Disk & DVD/CD-ROM Drives
------------------------
      Drive: C:
 Free Space: 48.4 GB
Total Space: 153.5 GB
File System: NTFS
      Model: TOSHIBA DT01ACA100 SCSI Disk Device

      Drive: D:
 Free Space: 40.7 GB
Total Space: 500.0 GB
File System: NTFS
      Model: TOSHIBA DT01ACA100 SCSI Disk Device

      Drive: E:
 Free Space: 144.4 GB
Total Space: 300.0 GB
File System: NTFS
      Model: TOSHIBA DT01ACA100 SCSI Disk Device

      Drive: F:
      Model: HL-DT-ST DVDRAM GH20NS15 SCSI CdRom Device
     Driver: c:\windows\system32\drivers\cdrom.sys, 6.03.9600.16384 (Spanish), , 0 bytes

      Drive: H:
      Model: ELBY CLONEDRIVE SCSI CdRom Device
     Driver: c:\windows\system32\drivers\cdrom.sys, 6.03.9600.16384 (Spanish), , 0 bytes

--------------
System Devices
--------------
     Name: PCI standard PCI-to-PCI bridge
Device ID: PCI\VEN_10DE&DEV_03E8&SUBSYS_03E81849&REV_A2\3&267A616A&3&48
   Driver: n/a

     Name: High Definition Audio Controller
Device ID: PCI\VEN_10DE&DEV_03F0&SUBSYS_76621849&REV_A2\3&267A616A&3&28
   Driver: n/a

     Name: Standard Enhanced PCI to USB Host Controller
Device ID: PCI\VEN_10DE&DEV_03F2&SUBSYS_03F21849&REV_A3\3&267A616A&3&11
   Driver: n/a

     Name: PCI standard PCI-to-PCI bridge
Device ID: PCI\VEN_10DE&DEV_03F3&SUBSYS_03F31849&REV_A1\3&267A616A&3&20
   Driver: n/a

     Name: Qualcomm Atheros AR8171/8175 PCI-E Gigabit Ethernet Controller (NDIS 6.30)
Device ID: PCI\VEN_1969&DEV_10A1&SUBSYS_10A11849&REV_10\4&23AD3D87&0&0060
   Driver: n/a

     Name: NVIDIA nForce Serial ATA Controller
Device ID: PCI\VEN_10DE&DEV_03F6&SUBSYS_03F61849&REV_A2\3&267A616A&3&41
   Driver: n/a

     Name: NVIDIA nForce Serial ATA Controller
Device ID: PCI\VEN_10DE&DEV_03F6&SUBSYS_03F61849&REV_A2\3&267A616A&3&40
   Driver: n/a

     Name: PCI standard RAM Controller
Device ID: PCI\VEN_10DE&DEV_03E2&SUBSYS_03E21849&REV_A1\3&267A616A&3&00
   Driver: n/a

     Name: Standard Dual Channel PCI IDE Controller
Device ID: PCI\VEN_10DE&DEV_03EC&SUBSYS_03EC1849&REV_A2\3&267A616A&3&30
   Driver: n/a

     Name: PCI standard PCI-to-PCI bridge
Device ID: PCI\VEN_10DE&DEV_03E9&SUBSYS_03E91849&REV_A2\3&267A616A&3&60
   Driver: n/a

     Name: PCI standard PCI-to-PCI bridge
Device ID: PCI\VEN_10DE&DEV_03E9&SUBSYS_03E91849&REV_A2\3&267A616A&3&58
   Driver: n/a

     Name: PCI standard ISA bridge
Device ID: PCI\VEN_10DE&DEV_03E1&SUBSYS_03E11849&REV_A2\3&267A616A&3&08
   Driver: n/a

     Name: Standard OpenHCD USB Host Controller
Device ID: PCI\VEN_10DE&DEV_03F1&SUBSYS_03F11849&REV_A3\3&267A616A&3&10
   Driver: n/a

     Name: PCI standard RAM Controller
Device ID: PCI\VEN_10DE&DEV_03F5&SUBSYS_03EB1849&REV_A2\3&267A616A&3&0A
   Driver: n/a

     Name: NVIDIA GeForce GT 610  
Device ID: PCI\VEN_10DE&DEV_104A&SUBSYS_26193842&REV_A1\4&DB498FD&0&0048
   Driver: n/a

     Name: High Definition Audio Controller
Device ID: PCI\VEN_10DE&DEV_0E08&SUBSYS_26193842&REV_A1\4&DB498FD&0&0148
   Driver: n/a

     Name: NVIDIA nForce PCI System Management
Device ID: PCI\VEN_10DE&DEV_03EB&SUBSYS_03EB1849&REV_A2\3&267A616A&3&09
   Driver: n/a

------------------
DirectShow Filters
------------------

DirectShow Filters:
WMAudio Decoder DMO,0x00800800,1,1,WMADMOD.DLL,6.03.9600.18154
WMAPro over S/PDIF DMO,0x00600800,1,1,WMADMOD.DLL,6.03.9600.18154
WMSpeech Decoder DMO,0x00600800,1,1,WMSPDMOD.DLL,6.03.9600.18154
MP3 Decoder DMO,0x00600800,1,1,mp3dmod.dll,6.03.9600.18154
Mpeg4s Decoder DMO,0x00800001,1,1,mp4sdecd.dll,6.03.9600.18154
WMV Screen decoder DMO,0x00600800,1,1,wmvsdecd.dll,6.03.9600.18154
WMVideo Decoder DMO,0x00800001,1,1,wmvdecod.dll,6.03.9600.18154
Mpeg43 Decoder DMO,0x00800001,1,1,mp43decd.dll,6.03.9600.18154
Mpeg4 Decoder DMO,0x00800001,1,1,mpg4decd.dll,6.03.9600.18154
WMT VIH2 Fix,0x00200000,1,1,WLXVAFilt.dll,16.04.3528.0331
Record Queue,0x00200000,1,1,WLXVAFilt.dll,16.04.3528.0331
WMT Switch Filter,0x00200000,1,1,WLXVAFilt.dll,16.04.3528.0331
WMT Virtual Renderer,0x00200000,1,0,WLXVAFilt.dll,16.04.3528.0331
WMT DV Extract,0x00200000,1,1,WLXVAFilt.dll,16.04.3528.0331
WMT Virtual Source,0x00200000,0,1,WLXVAFilt.dll,16.04.3528.0331
WMT Sample Information Filter,0x00200000,1,1,WLXVAFilt.dll,16.04.3528.0331
DV Muxer,0x00400000,0,0,qdv.dll,6.06.9600.17415
Color Space Converter,0x00400001,1,1,quartz.dll,6.06.9600.18154
WM ASF Reader,0x00400000,0,0,qasf.dll,12.00.9600.17415
AVI Splitter,0x00600000,1,1,quartz.dll,6.06.9600.18154
VGA 16 Color Ditherer,0x00400000,1,1,quartz.dll,6.06.9600.18154
SBE2MediaTypeProfile,0x00200000,0,0,sbe.dll,6.06.9600.17415
Microsoft DTV-DVD Video Decoder,0x005fffff,2,4,msmpeg2vdec.dll,12.00.9600.17374
AC3 Parser Filter,0x00600000,1,1,mpg2splt.ax,6.06.9600.17415
StreamBufferSink,0x00200000,0,0,sbe.dll,6.06.9600.17415
MJPEG Decompressor,0x00600000,1,1,quartz.dll,6.06.9600.18154
MPEG-I Stream Splitter,0x00600000,1,2,quartz.dll,6.06.9600.18154
SAMI (CC) Parser,0x00400000,1,1,quartz.dll,6.06.9600.18154
VBI Codec,0x00600000,1,4,VBICodec.ax,6.06.9600.17415
MPEG-2 Splitter,0x005fffff,1,0,mpg2splt.ax,6.06.9600.17415
Closed Captions Analysis Filter,0x00200000,2,5,cca.dll,6.06.9600.17415
SBE2FileScan,0x00200000,0,0,sbe.dll,6.06.9600.17415
Microsoft MPEG-2 Video Encoder,0x00200000,1,1,msmpeg2enc.dll,12.00.9600.17415
Internal Script Command Renderer,0x00800001,1,0,quartz.dll,6.06.9600.18154
MPEG Audio Decoder,0x03680001,1,1,quartz.dll,6.06.9600.18154
DV Splitter,0x00600000,1,2,qdv.dll,6.06.9600.17415
Video Mixing Renderer 9,0x00200000,1,0,quartz.dll,6.06.9600.18154
Microsoft MPEG-2 Encoder,0x00200000,2,1,msmpeg2enc.dll,12.00.9600.17415
ACM Wrapper,0x00600000,1,1,quartz.dll,6.06.9600.18154
Video Renderer,0x00800001,1,0,quartz.dll,6.06.9600.18154
MPEG-2 Video Stream Analyzer,0x00200000,0,0,sbe.dll,6.06.9600.17415
Line 21 Decoder,0x00600000,1,1,qdvd.dll,6.06.9600.18154
Video Port Manager,0x00600000,2,1,quartz.dll,6.06.9600.18154
Video Renderer,0x00400000,1,0,quartz.dll,6.06.9600.18154
File Writer,0x00200000,1,0,WLXVAFilt.dll,16.04.3528.0331
VPS Decoder,0x00200000,0,0,WSTPager.ax,6.06.9600.17415
WM ASF Writer,0x00400000,0,0,qasf.dll,12.00.9600.17415
VBI Surface Allocator,0x00600000,1,1,vbisurf.ax,6.03.9600.17415
File writer,0x00200000,1,0,qcap.dll,6.06.9600.16384
DVD Navigator,0x00200000,0,3,qdvd.dll,6.06.9600.18154
Overlay Mixer2,0x00200000,1,1,qdvd.dll,6.06.9600.18154
AVI Draw,0x00600064,9,1,quartz.dll,6.06.9600.18154
Microsoft MPEG-2 Audio Encoder,0x00200000,1,1,msmpeg2enc.dll,12.00.9600.17415
WST Pager,0x00200000,1,1,WSTPager.ax,6.06.9600.17415
MPEG-2 Demultiplexer,0x00600000,1,1,mpg2splt.ax,6.06.9600.17415
DV Video Decoder,0x00800000,1,1,qdv.dll,6.06.9600.17415
SampleGrabber,0x00200000,1,1,qedit.dll,6.06.9600.18152
Null Renderer,0x00200000,1,0,qedit.dll,6.06.9600.18152
MPEG-2 Sections and Tables,0x005fffff,1,0,Mpeg2Data.ax,6.06.9600.17415
Microsoft AC3 Encoder,0x00200000,1,1,msac3enc.dll,6.03.9600.17415
StreamBufferSource,0x00200000,0,0,sbe.dll,6.06.9600.17415
Smart Tee,0x00200000,1,2,qcap.dll,6.06.9600.16384
Overlay Mixer,0x00200000,0,0,qdvd.dll,6.06.9600.18154
AVI Decompressor,0x00600000,1,1,quartz.dll,6.06.9600.18154
AVI/WAV File Source,0x00400000,0,2,quartz.dll,6.06.9600.18154
Wave Parser,0x00400000,1,1,quartz.dll,6.06.9600.18154
MIDI Parser,0x00400000,1,1,quartz.dll,6.06.9600.18154
Multi-file Parser,0x00400000,1,1,quartz.dll,6.06.9600.18154
File stream renderer,0x00400000,1,1,quartz.dll,6.06.9600.18154
Microsoft DTV-DVD Audio Decoder,0x005fffff,1,1,msmpeg2adec.dll,12.00.9600.18145
StreamBufferSink2,0x00200000,0,0,sbe.dll,6.06.9600.17415
AVI Mux,0x00200000,1,0,qcap.dll,6.06.9600.16384
Line 21 Decoder 2,0x00600002,1,1,quartz.dll,6.06.9600.18154
File Source (Async.),0x00400000,0,1,quartz.dll,6.06.9600.18154
File Source (URL),0x00400000,0,1,quartz.dll,6.06.9600.18154
Infinite Pin Tee Filter,0x00200000,1,1,qcap.dll,6.06.9600.16384
Enhanced Video Renderer,0x00200000,1,0,evr.dll,6.03.9600.18154
BDA MPEG2 Transport Information Filter,0x00200000,2,0,psisrndr.ax,6.06.9600.17415
MPEG Video Decoder,0x40000001,1,1,quartz.dll,6.06.9600.18154

WDM Streaming Tee/Splitter Devices:
Tee/Sink-to-Sink Converter,0x00200000,1,1,ksproxy.ax,6.03.9600.18154

Video Compressors:
WMVideo8 Encoder DMO,0x00600800,1,1,wmvxencd.dll,6.03.9600.18154
WMVideo9 Encoder DMO,0x00600800,1,1,wmvencod.dll,6.03.9600.18154
MSScreen 9 encoder DMO,0x00600800,1,1,wmvsencd.dll,6.03.9600.18154
DV Video Encoder,0x00200000,0,0,qdv.dll,6.06.9600.17415
MJPEG Compressor,0x00200000,0,0,quartz.dll,6.06.9600.18154
Cinepak Codec by Radius,0x00200000,1,1,qcap.dll,6.06.9600.16384
Intel IYUV codec,0x00200000,1,1,qcap.dll,6.06.9600.16384
Intel IYUV codec,0x00200000,1,1,qcap.dll,6.06.9600.16384
Microsoft RLE,0x00200000,1,1,qcap.dll,6.06.9600.16384
Microsoft Video 1,0x00200000,1,1,qcap.dll,6.06.9600.16384

Audio Compressors:
WM Speech Encoder DMO,0x00600800,1,1,WMSPDMOE.DLL,6.03.9600.18154
WMAudio Encoder DMO,0x00600800,1,1,WMADMOE.DLL,6.03.9600.18154
IMA ADPCM,0x00200000,1,1,quartz.dll,6.06.9600.18154
PCM,0x00200000,1,1,quartz.dll,6.06.9600.18154
Microsoft ADPCM,0x00200000,1,1,quartz.dll,6.06.9600.18154
GSM 6.10,0x00200000,1,1,quartz.dll,6.06.9600.18154
CCITT A-Law,0x00200000,1,1,quartz.dll,6.06.9600.18154
CCITT u-Law,0x00200000,1,1,quartz.dll,6.06.9600.18154
MPEG Layer-3,0x00200000,1,1,quartz.dll,6.06.9600.18154

Audio Capture Sources:
Microphone (High Definition Audio Device),0x00200000,0,0,qcap.dll,6.06.9600.16384

PBDA CP Filters:
PBDA DTFilter,0x00600000,1,1,CPFilters.dll,6.06.9600.18192
PBDA ETFilter,0x00200000,0,0,CPFilters.dll,6.06.9600.18192
PBDA PTFilter,0x00200000,0,0,CPFilters.dll,6.06.9600.18192

Midi Renderers:
Default MidiOut Device,0x00800000,1,0,quartz.dll,6.06.9600.18154
Microsoft GS Wavetable Synth,0x00200000,1,0,quartz.dll,6.06.9600.18154

WDM Streaming Capture Devices:
HD Audio Microphone,0x00200000,1,1,ksproxy.ax,6.03.9600.18154

WDM Streaming Rendering Devices:
HD Audio Headphone,0x00200000,1,1,ksproxy.ax,6.03.9600.18154
HD Audio Speaker,0x00200000,1,1,ksproxy.ax,6.03.9600.18154

BDA Network Providers:
Microsoft ATSC Network Provider,0x00200000,0,1,MSDvbNP.ax,6.06.9600.17415
Microsoft DVBC Network Provider,0x00200000,0,1,MSDvbNP.ax,6.06.9600.17415
Microsoft DVBS Network Provider,0x00200000,0,1,MSDvbNP.ax,6.06.9600.17415
Microsoft DVBT Network Provider,0x00200000,0,1,MSDvbNP.ax,6.06.9600.17415
Microsoft Network Provider,0x00200000,0,1,MSNP.ax,6.06.9600.17415

Multi-Instance Capable VBI Codecs:
VBI Codec,0x00600000,1,4,VBICodec.ax,6.06.9600.17415

BDA Transport Information Renderers:
BDA MPEG2 Transport Information Filter,0x00600000,2,0,psisrndr.ax,6.06.9600.17415
MPEG-2 Sections and Tables,0x00600000,1,0,Mpeg2Data.ax,6.06.9600.17415

BDA CP/CA Filters:
Decrypt/Tag,0x00600000,1,1,EncDec.dll,6.06.9600.18192
Encrypt/Tag,0x00200000,0,0,EncDec.dll,6.06.9600.18192
PTFilter,0x00200000,0,0,EncDec.dll,6.06.9600.18192
XDS Codec,0x00200000,0,0,EncDec.dll,6.06.9600.18192

WDM Streaming Communication Transforms:
Tee/Sink-to-Sink Converter,0x00200000,1,1,ksproxy.ax,6.03.9600.18154

Audio Renderers:
Speakers (High Definition Audio Device),0x00200000,1,0,quartz.dll,6.06.9600.18154
Default DirectSound Device,0x00800000,1,0,quartz.dll,6.06.9600.18154
Default WaveOut Device,0x00200000,1,0,quartz.dll,6.06.9600.18154
DirectSound: Speakers (High Definition Audio Device),0x00200000,1,0,quartz.dll,6.06.9600.18154
DirectSound: Headphones (High Definition Audio Device),0x00200000,1,0,quartz.dll,6.06.9600.18154
Headphones (High Definition Audio Device),0x00200000,1,0,quartz.dll,6.06.9600.18154


----------------------------
Preferred DirectShow Filters
----------------------------

[HKEY_LOCAL_MACHINE\Software\Microsoft\DirectShow\Preferred]

<media subtype GUID>, [<filter friendly name>, ]<filter CLSID>

MEDIASUBTYPE_WMAUDIO_LOSSLESS, WMAudio Decoder DMO, CLSID_CWMADecMediaObject
MEDIASUBTYPE_MPG4, Mpeg4 Decoder DMO, CLSID_CMpeg4DecMediaObject
MEDIASUBTYPE_WVC1, WMVideo Decoder DMO, CLSID_CWMVDecMediaObject
WMMEDIASUBTYPE_WMSP2, WMSpeech Decoder DMO, CLSID_CWMSPDecMediaObject
{64687664-0000-0010-8000-00AA00389B71}, DV Video Decoder, CLSID_DVVideoCodec
MEDIASUBTYPE_h264, Microsoft DTV-DVD Video Decoder, CLSID_CMPEG2VidDecoderDS
MEDIASUBTYPE_MPEG1AudioPayload, MPEG Audio Decoder, CLSID_CMpegAudioCodec
{78766964-0000-0010-8000-00AA00389B71}, Mpeg4s Decoder DMO, CLSID_CMpeg4sDecMediaObject
MEDIASUBTYPE_WMAUDIO3, WMAudio Decoder DMO, CLSID_CWMADecMediaObject
MEDIASUBTYPE_WMV2, WMVideo Decoder DMO, CLSID_CWMVDecMediaObject
MEDIASUBTYPE_MPEG2_AUDIO, Microsoft DTV-DVD Audio Decoder, CLSID_CMPEG2AudDecoderDS
{64697678-0000-0010-8000-00AA00389B71}, Mpeg4s Decoder DMO, CLSID_CMpeg4sDecMediaObject
WMMEDIASUBTYPE_MP3, MP3 Decoder DMO, CLSID_CMP3DecMediaObject
MEDIASUBTYPE_mp42, Mpeg4 Decoder DMO, CLSID_CMpeg4DecMediaObject
MEDIASUBTYPE_MSS1, WMV Screen decoder DMO, CLSID_CMSSCDecMediaObject
MEDIASUBTYPE_WVP2, WMVideo Decoder DMO, CLSID_CWMVDecMediaObject
MEDIASUBTYPE_WMV1, WMVideo Decoder DMO, CLSID_CWMVDecMediaObject
MEDIASUBTYPE_WMVP, WMVideo Decoder DMO, CLSID_CWMVDecMediaObject
MEDIASUBTYPE_WMV3, WMVideo Decoder DMO, CLSID_CWMVDecMediaObject
MEDIASUBTYPE_WMVR, WMVideo Decoder DMO, CLSID_CWMVDecMediaObject
MEDIASUBTYPE_MJPG, MJPEG Decompressor, CLSID_MjpegDec
MEDIASUBTYPE_mp43, Mpeg43 Decoder DMO, CLSID_CMpeg43DecMediaObject
MEDIASUBTYPE_MSS2, WMV Screen decoder DMO, CLSID_CMSSCDecMediaObject
{64737664-0000-0010-8000-00AA00389B71}, DV Video Decoder, CLSID_DVVideoCodec
WMMEDIASUBTYPE_WMAudioV8, WMAudio Decoder DMO, CLSID_CWMADecMediaObject
{44495658-0000-0010-8000-00AA00389B71}, Mpeg4s Decoder DMO, CLSID_CMpeg4sDecMediaObject
WMMEDIASUBTYPE_WMSP1, WMSpeech Decoder DMO, CLSID_CWMSPDecMediaObject
MEDIASUBTYPE_RAW_AAC1, Microsoft DTV-DVD Audio Decoder, CLSID_CMPEG2AudDecoderDS
MEDIASUBTYPE_MP43, Mpeg43 Decoder DMO, CLSID_CMpeg43DecMediaObject
{6C737664-0000-0010-8000-00AA00389B71}, DV Video Decoder, CLSID_DVVideoCodec
MEDIASUBTYPE_AVC1, Microsoft DTV-DVD Video Decoder, CLSID_CMPEG2VidDecoderDS
MEDIASUBTYPE_MPEG1Payload, MPEG Video Decoder, CLSID_CMpegVideoCodec
{20637664-0000-0010-8000-00AA00389B71}, DV Video Decoder, CLSID_DVVideoCodec
MEDIASUBTYPE_MPEG_ADTS_AAC, Microsoft DTV-DVD Audio Decoder, CLSID_CMPEG2AudDecoderDS
MEDIASUBTYPE_MP42, Mpeg4 Decoder DMO, CLSID_CMpeg4DecMediaObject
{58564944-0000-0010-8000-00AA00389B71}, Mpeg4s Decoder DMO, CLSID_CMpeg4sDecMediaObject
MEDIASUBTYPE_mpg4, Mpeg4 Decoder DMO, CLSID_CMpeg4DecMediaObject
MEDIASUBTYPE_m4s2, Mpeg4s Decoder DMO, CLSID_CMpeg4sDecMediaObject
MEDIASUBTYPE_MP4S, Mpeg4s Decoder DMO, CLSID_CMpeg4sDecMediaObject
MEDIASUBTYPE_M4S2, Mpeg4s Decoder DMO, CLSID_CMpeg4sDecMediaObject
MEDIASUBTYPE_mp4s, Mpeg4s Decoder DMO, CLSID_CMpeg4sDecMediaObject
MEDIASUBTYPE_MPEG1Packet, MPEG Video Decoder, CLSID_CMpegVideoCodec
{5634504D-0000-0010-8000-00AA00389B71}, Mpeg4s Decoder DMO, CLSID_CMpeg4sDecMediaObject
MEDIASUBTYPE_H264, Microsoft DTV-DVD Video Decoder, CLSID_CMPEG2VidDecoderDS
{7634706D-0000-0010-8000-00AA00389B71}, Mpeg4s Decoder DMO, CLSID_CMpeg4sDecMediaObject
MEDIASUBTYPE_MPEG2_VIDEO, Microsoft DTV-DVD Video Decoder, CLSID_CMPEG2VidDecoderDS
MEDIASUBTYPE_WMVA, WMVideo Decoder DMO, CLSID_CWMVDecMediaObject
MEDIASUBTYPE_MSAUDIO1, WMAudio Decoder DMO, CLSID_CWMADecMediaObject
MEDIASUBTYPE_MPEG_LOAS, Microsoft DTV-DVD Audio Decoder, CLSID_CMPEG2AudDecoderDS
MEDIASUBTYPE_DVD_LPCM_AUDIO, Microsoft DTV-DVD Audio Decoder, CLSID_CMPEG2AudDecoderDS


---------------------------
Media Foundation Transforms
---------------------------

[HKEY_LOCAL_MACHINE\Software\Classes\MediaFoundation\Transforms]

<category>:
  <transform friendly name>, <transform CLSID>, <flags>, [<merit>, ]<file name>, <file version>

Video Decoders:
  Microsoft MPEG Video Decoder MFT, {2D709E52-123F-49B5-9CBC-9AF5CDE28FB9}, 0x1, msmpeg2vdec.dll, 12.00.9600.17374
  DV Decoder MFT, {404A6DE5-D4D6-4260-9BC7-5A6CBD882432}, 0x1, mfdvdec.dll, 6.03.9600.17415
  Mpeg4s Decoder MFT, CLSID_CMpeg4sDecMFT, 0x1, mp4sdecd.dll, 6.03.9600.18154
  Microsoft H264 Video Decoder MFT, CLSID_CMSH264DecoderMFT, 0x1, msmpeg2vdec.dll, 12.00.9600.17374
  WMV Screen decoder MFT, CLSID_CMSSCDecMediaObject, 0x1, wmvsdecd.dll, 6.03.9600.18154
  WMVideo Decoder MFT, CLSID_CWMVDecMediaObject, 0x1, wmvdecod.dll, 6.03.9600.18154
  MJPEG Decoder MFT, {CB17E772-E1CC-4633-8450-5617AF577905}, 0x1, mfmjpegdec.dll, 6.03.9600.17415
  Mpeg43 Decoder MFT, CLSID_CMpeg43DecMediaObject, 0x1, mp43decd.dll, 6.03.9600.18154
  Mpeg4 Decoder MFT, CLSID_CMpeg4DecMediaObject, 0x1, mpg4decd.dll, 6.03.9600.18154
Video Encoders:
  H264 Encoder MFT, {6CA50344-051A-4DED-9779-A43305165E35}, 0x1, mfh264enc.dll, 6.03.9600.17415
  WMVideo8 Encoder MFT, CLSID_CWMVXEncMediaObject, 0x1, wmvxencd.dll, 6.03.9600.18154
  WMVideo9 Encoder MFT, CLSID_CWMV9EncMediaObject, 0x1, wmvencod.dll, 6.03.9600.18154
  Microsoft MPEG-2 Video Encoder MFT, {E6335F02-80B7-4DC4-ADFA-DFE7210D20D5}, 0x2, msmpeg2enc.dll, 12.00.9600.17415
Video Effects:
  Frame Rate Converter, CLSID_CFrameRateConvertDmo, 0x1, mfvdsp.dll, 6.03.9600.18154
  Resizer MFT, CLSID_CResizerDMO, 0x1, vidreszr.dll, 6.03.9600.18154
  VideoStabilization MFT, {51571744-7FE4-4FF2-A498-2DC34FF74F1B}, 0x1, MSVideoDSP.dll, 6.03.9600.17415
  Color Control, CLSID_CColorControlDmo, 0x1, mfvdsp.dll, 6.03.9600.18154
  Color Converter MFT, CLSID_CColorConvertDMO, 0x1, colorcnv.dll, 6.03.9600.18154
Video Processor:
  Microsoft Video Processor MFT, {88753B26-5B24-49BD-B2E7-0C445C78C982}, 0x1, msvproc.dll, 12.00.9600.17415
Audio Decoders:
  Microsoft Dolby Digital Plus Decoder MFT, {177C0AFE-900B-48D4-9E4C-57ADD250B3D4}, 0x1, MSAudDecMFT.dll, 6.03.9600.17415
  WMAudio Decoder MFT, CLSID_CWMADecMediaObject, 0x1, WMADMOD.DLL, 6.03.9600.18154
  Microsoft AAC Audio Decoder MFT, CLSID_CMSAACDecMFT, 0x1, MSAudDecMFT.dll, 6.03.9600.17415
  A-law Wrapper MFT, {36CB6E0C-78C1-42B2-9943-846262F31786}, 0x1, mfcore.dll, 12.00.9600.18154
  GSM ACM Wrapper MFT, {4A76B469-7B66-4DD4-BA2D-DDF244C766DC}, 0x1, mfcore.dll, 12.00.9600.18154
  WMAPro over S/PDIF MFT, CLSID_CWMAudioSpdTxDMO, 0x1, WMADMOD.DLL, 6.03.9600.18154
  Microsoft MPEG Audio Decoder MFT, {70707B39-B2CA-4015-ABEA-F8447D22D88B}, 0x1, MSAudDecMFT.dll, 6.03.9600.17415
  WMSpeech Decoder DMO, CLSID_CWMSPDecMediaObject, 0x1, WMSPDMOD.DLL, 6.03.9600.18154
  G711 Wrapper MFT, {92B66080-5E2D-449E-90C4-C41F268E5514}, 0x1, mfcore.dll, 12.00.9600.18154
  IMA ADPCM ACM Wrapper MFT, {A16E1BFF-A80D-48AD-AECD-A35C005685FE}, 0x1, mfcore.dll, 12.00.9600.18154
  MP3 Decoder MFT, CLSID_CMP3DecMediaObject, 0x1, mp3dmod.dll, 6.03.9600.18154
  ADPCM ACM Wrapper MFT, {CA34FE0A-5722-43AD-AF23-05F7650257DD}, 0x1, mfcore.dll, 12.00.9600.18154
Audio Encoders:
  MP3 Encoder ACM Wrapper MFT, {11103421-354C-4CCA-A7A3-1AFF9A5B6701}, 0x1, mfcore.dll, 12.00.9600.18154
  WM Speech Encoder DMO, CLSID_CWMSPEncMediaObject2, 0x1, WMSPDMOE.DLL, 6.03.9600.18154
  Microsoft MPEG-2 Audio Encoder MFT, {46A4DD5C-73F8-4304-94DF-308F760974F4}, 0x1, msmpeg2enc.dll, 12.00.9600.17415
  WMAudio Encoder MFT, CLSID_CWMAEncMediaObject, 0x1, WMADMOE.DLL, 6.03.9600.18154
  Microsoft AAC Audio Encoder MFT, {93AF0C51-2275-45D2-A35B-F2BA21CAED00}, 0x1, mfAACEnc.dll, 6.03.9600.17415
  Microsoft Dolby Digital Encoder MFT, {AC3315C9-F481-45D7-826C-0B406C1F64B8}, 0x1, msac3enc.dll, 6.03.9600.17415
Audio Effects:
  AEC, CLSID_CWMAudioAEC, 0x1, mfwmaaec.dll, 6.03.9600.18154
  Resampler MFT, CLSID_CResamplerMediaObject, 0x1, resampledmo.dll, 6.03.9600.18154
Multiplexers:
  Microsoft MPEG2 Multiplexer MFT, {AB300F71-01AB-46D2-AB6C-64906CB03258}, 0x2, mfmpeg2srcsnk.dll, 12.00.9600.17415
Others:
  Microsoft H264 Video Remux (MPEG2TSToMP4) MFT, {05A47EBB-8BF0-4CBF-AD2F-3B71D75866F5}, 0x1, msmpeg2vdec.dll, 12.00.9600.17374


--------------------------------------------
Media Foundation Enabled Hardware Categories
--------------------------------------------

[HKEY_LOCAL_MACHINE\Software\Microsoft\Windows Media Foundation\HardwareMFT]

EnableDecoders = 0
EnableEncoders = 1
EnableVideoProcessors = 1


-------------------------------------
Media Foundation Byte Stream Handlers
-------------------------------------

[HKEY_LOCAL_MACHINE\Software\Microsoft\Windows Media Foundation\ByteStreamHandlers]
[HKEY_LOCAL_MACHINE\Software\Classes\MediaFoundation\MediaSources\Preferred]

<file ext. or MIME type>, <handler CLSID>, <brief description>[, Preferred]

.3g2, {271C3902-6095-4C45-A22F-20091816EE9E}, MPEG4 Byte Stream Handler, Preferred
.3gp, {271C3902-6095-4C45-A22F-20091816EE9E}, MPEG4 Byte Stream Handler, Preferred
.3gp2, {271C3902-6095-4C45-A22F-20091816EE9E}, MPEG4 Byte Stream Handler, Preferred
.3gpp, {271C3902-6095-4C45-A22F-20091816EE9E}, MPEG4 Byte Stream Handler, Preferred
.aac, {926F41F7-003E-4382-9E84-9E953BE10562}, ADTS Byte Stream Handler, Preferred
.ac3, {46031BA1-083F-47D9-8369-23C92BDAB2FF}, AC-3 Byte Stream Handler, Preferred
.adt, {926F41F7-003E-4382-9E84-9E953BE10562}, ADTS Byte Stream Handler, Preferred
.adts, {926F41F7-003E-4382-9E84-9E953BE10562}, ADTS Byte Stream Handler, Preferred
.asf, {41457294-644C-4298-A28A-BD69F2C0CF3B}, ASF Byte Stream Handler, Preferred
.avi, {7AFA253E-F823-42F6-A5D9-714BDE467412}, AVI Byte Stream Handler, Preferred
.dvr-ms, {65964407-A5D8-4060-85B0-1CCD63F768E2}, dvr-ms Byte Stream Handler, Preferred
.dvr-ms, {A8721937-E2FB-4D7A-A9EE-4EB08C890B6E}, MF SBE Source ByteStreamHandler
.ec3, {46031BA1-083F-47D9-8369-23C92BDAB2FF}, AC-3 Byte Stream Handler, Preferred
.m2t, {40871C59-AB40-471F-8DC3-1F259D862479}, MPEG2 Byte Stream Handler, Preferred
.m2ts, {40871C59-AB40-471F-8DC3-1F259D862479}, MPEG2 Byte Stream Handler, Preferred
.m4a, {271C3902-6095-4C45-A22F-20091816EE9E}, MPEG4 Byte Stream Handler, Preferred
.m4v, {271C3902-6095-4C45-A22F-20091816EE9E}, MPEG4 Byte Stream Handler, Preferred
.mod, {40871C59-AB40-471F-8DC3-1F259D862479}, MPEG2 Byte Stream Handler, Preferred
.mov, {271C3902-6095-4C45-A22F-20091816EE9E}, MPEG4 Byte Stream Handler, Preferred
.mp2v, {40871C59-AB40-471F-8DC3-1F259D862479}, MPEG2 Byte Stream Handler, Preferred
.mp3, {A82E50BA-8E92-41EB-9DF2-433F50EC2993}, MP3 Byte Stream Handler, Preferred
.mp4, {271C3902-6095-4C45-A22F-20091816EE9E}, MPEG4 Byte Stream Handler, Preferred
.mp4v, {271C3902-6095-4C45-A22F-20091816EE9E}, MPEG4 Byte Stream Handler, Preferred
.mpa, {A82E50BA-8E92-41EB-9DF2-433F50EC2993}, MP3 Byte Stream Handler, Preferred
.mpeg, {40871C59-AB40-471F-8DC3-1F259D862479}, MPEG2 Byte Stream Handler, Preferred
.mpg, {40871C59-AB40-471F-8DC3-1F259D862479}, MPEG2 Byte Stream Handler, Preferred
.mts, {40871C59-AB40-471F-8DC3-1F259D862479}, MPEG2 Byte Stream Handler, Preferred
.nsc, {B084785C-DDE0-4D30-8CA8-05A373E185BE}, NSC Byte Stream Handler, Preferred
.sami, {7A56C4CB-D678-4188-85A8-BA2EF68FA10D}, SAMI Byte Stream Handler, Preferred
.smi, {7A56C4CB-D678-4188-85A8-BA2EF68FA10D}, SAMI Byte Stream Handler, Preferred
.tod, {40871C59-AB40-471F-8DC3-1F259D862479}, MPEG2 Byte Stream Handler, Preferred
.ts, {40871C59-AB40-471F-8DC3-1F259D862479}, MPEG2 Byte Stream Handler, Preferred
.tts, {40871C59-AB40-471F-8DC3-1F259D862479}, MPEG2 Byte Stream Handler, Preferred
.uvu, {271C3902-6095-4C45-A22F-20091816EE9E}, MPEG4 Byte Stream Handler, Preferred
.vob, {40871C59-AB40-471F-8DC3-1F259D862479}, MPEG2 Byte Stream Handler, Preferred
.wav, {42C9B9F5-16FC-47EF-AF22-DA05F7C842E3}, WAV Byte Stream Handler, Preferred
.wm, {41457294-644C-4298-A28A-BD69F2C0CF3B}, ASF Byte Stream Handler, Preferred
.wma, {41457294-644C-4298-A28A-BD69F2C0CF3B}, ASF Byte Stream Handler, Preferred
.wmv, {41457294-644C-4298-A28A-BD69F2C0CF3B}, ASF Byte Stream Handler, Preferred
.wtv, {65964407-A5D8-4060-85B0-1CCD63F768E2}, WTV Byte Stream Handler, Preferred
audio/3gpp, {271C3902-6095-4C45-A22F-20091816EE9E}, MPEG4 Byte Stream Handler, Preferred
audio/3gpp2, {271C3902-6095-4C45-A22F-20091816EE9E}, MPEG4 Byte Stream Handler, Preferred
audio/aac, {926F41F7-003E-4382-9E84-9E953BE10562}, ADTS Byte Stream Handler, Preferred
audio/aacp, {926F41F7-003E-4382-9E84-9E953BE10562}, ADTS Byte Stream Handler, Preferred
audio/eac3, {46031BA1-083F-47D9-8369-23C92BDAB2FF}, AC-3 Byte Stream Handler, Preferred
audio/L16, {3FFB3B8C-EB99-472B-8902-E1C1B05F07CF}, LPCM Byte Stream Handler, Preferred
audio/mp3, {A82E50BA-8E92-41EB-9DF2-433F50EC2993}, MP3 Byte Stream Handler, Preferred
audio/mp4, {271C3902-6095-4C45-A22F-20091816EE9E}, MPEG4 Byte Stream Handler, Preferred
audio/mpa, {A82E50BA-8E92-41EB-9DF2-433F50EC2993}, MP3 Byte Stream Handler, Preferred
audio/mpeg, {A82E50BA-8E92-41EB-9DF2-433F50EC2993}, MP3 Byte Stream Handler, Preferred
audio/mpeg3, {A82E50BA-8E92-41EB-9DF2-433F50EC2993}, MP3 Byte Stream Handler, Preferred
audio/vnd.dlna.adts, {926F41F7-003E-4382-9E84-9E953BE10562}, ADTS Byte Stream Handler, Preferred
audio/vnd.dolby.dd-raw, {46031BA1-083F-47D9-8369-23C92BDAB2FF}, AC-3 Byte Stream Handler, Preferred
audio/wav, {42C9B9F5-16FC-47EF-AF22-DA05F7C842E3}, WAV Byte Stream Handler, Preferred
audio/x-aac, {926F41F7-003E-4382-9E84-9E953BE10562}, ADTS Byte Stream Handler, Preferred
audio/x-m4a, {271C3902-6095-4C45-A22F-20091816EE9E}, MPEG4 Byte Stream Handler, Preferred
audio/x-mp3, {A82E50BA-8E92-41EB-9DF2-433F50EC2993}, MP3 Byte Stream Handler, Preferred
audio/x-mpeg, {A82E50BA-8E92-41EB-9DF2-433F50EC2993}, MP3 Byte Stream Handler, Preferred
audio/x-ms-wma, {41457294-644C-4298-A28A-BD69F2C0CF3B}, ASF Byte Stream Handler, Preferred
audio/x-wav, {42C9B9F5-16FC-47EF-AF22-DA05F7C842E3}, WAV Byte Stream Handler, Preferred
video/3gpp, {271C3902-6095-4C45-A22F-20091816EE9E}, MPEG4 Byte Stream Handler, Preferred
video/3gpp2, {271C3902-6095-4C45-A22F-20091816EE9E}, MPEG4 Byte Stream Handler, Preferred
video/avi, {7AFA253E-F823-42F6-A5D9-714BDE467412}, AVI Byte Stream Handler, Preferred
video/mp4, {271C3902-6095-4C45-A22F-20091816EE9E}, MPEG4 Byte Stream Handler, Preferred
video/mpeg, {40871C59-AB40-471F-8DC3-1F259D862479}, MPEG2 Byte Stream Handler, Preferred
video/msvideo, {7AFA253E-F823-42F6-A5D9-714BDE467412}, AVI Byte Stream Handler, Preferred
video/vnd.dece.mp4, {271C3902-6095-4C45-A22F-20091816EE9E}, MPEG4 Byte Stream Handler, Preferred
video/vnd.dlna.mpeg-tts, {40871C59-AB40-471F-8DC3-1F259D862479}, MPEG2 Byte Stream Handler, Preferred
video/x-m4v, {271C3902-6095-4C45-A22F-20091816EE9E}, MPEG4 Byte Stream Handler, Preferred
video/x-ms-asf, {41457294-644C-4298-A28A-BD69F2C0CF3B}, ASF Byte Stream Handler, Preferred
video/x-ms-wm, {41457294-644C-4298-A28A-BD69F2C0CF3B}, ASF Byte Stream Handler, Preferred
video/x-ms-wmv, {41457294-644C-4298-A28A-BD69F2C0CF3B}, ASF Byte Stream Handler, Preferred
video/x-msvideo, {7AFA253E-F823-42F6-A5D9-714BDE467412}, AVI Byte Stream Handler, Preferred


--------------------------------
Media Foundation Scheme Handlers
--------------------------------

[HKEY_LOCAL_MACHINE\Software\Microsoft\Windows Media Foundation\SchemeHandlers]
[HKEY_LOCAL_MACHINE\Software\Classes\MediaFoundation\MediaSources\Preferred]

<URL type>, <handler CLSID>, <brief description>[, Preferred]

file:, {477EC299-1421-4BDD-971F-7CCB933F21AD}, File Scheme Handler, Preferred
http:, {44CB442B-9DA9-49DF-B3FD-023777B16E50}, Http Scheme Handler
http:, {9EC4B4F9-3029-45AD-947B-344DE2A249E2}, Urlmon Scheme Handler
http:, {E9F4EBAB-D97B-463E-A2B1-C54EE3F9414D}, Net Scheme Handler, Preferred
httpd:, {44CB442B-9DA9-49DF-B3FD-023777B16E50}, Http Scheme Handler, Preferred
httpnd:, {2EEEED04-0908-4CDB-AF8F-AC5B768A34C9}, Drm Scheme Handler, Preferred
https:, {37A61C8B-7F8E-4D08-B12B-248D73E9AB4F}, Secure Http Scheme Handler, Preferred
httpsd:, {37A61C8B-7F8E-4D08-B12B-248D73E9AB4F}, Secure Http Scheme Handler, Preferred
httpt:, {E9F4EBAB-D97B-463E-A2B1-C54EE3F9414D}, Net Scheme Handler, Preferred
httpu:, {E9F4EBAB-D97B-463E-A2B1-C54EE3F9414D}, Net Scheme Handler, Preferred
mcast:, {E9F4EBAB-D97B-463E-A2B1-C54EE3F9414D}, Net Scheme Handler, Preferred
mms:, {E9F4EBAB-D97B-463E-A2B1-C54EE3F9414D}, Net Scheme Handler, Preferred
ms-appdata:, {CFC81939-3886-4ACF-9692-DA58037AE716}, MsAppData Scheme Handler, Preferred
ms-appx-web:, {8DB0224B-3D65-4F6F-8E12-BEB4B78B8974}, MsAppxWeb Scheme Handler, Preferred
ms-appx:, {8DB0224B-3D65-4F6F-8E12-BEB4B78B8974}, MsAppx Scheme Handler, Preferred
ms-winsoundevent:, {F79A6BF9-7415-4CF3-AE10-4559509ABC3C}, Sound Event Scheme Handler, Preferred
rtsp:, {E9F4EBAB-D97B-463E-A2B1-C54EE3F9414D}, Net Scheme Handler, Preferred
rtspt:, {E9F4EBAB-D97B-463E-A2B1-C54EE3F9414D}, Net Scheme Handler, Preferred
rtspu:, {E9F4EBAB-D97B-463E-A2B1-C54EE3F9414D}, Net Scheme Handler, Preferred
sdp:, {E9F4EBAB-D97B-463E-A2B1-C54EE3F9414D}, Net Scheme Handler, Preferred


-------------------------------------
Preferred Media Foundation Transforms
-------------------------------------

[HKEY_LOCAL_MACHINE\Software\Classes\MediaFoundation\Transforms\Preferred]

<media subtype GUID>, [<transform friendly name>, ]<transform CLSID>

MFAudioFormat_AAC, Microsoft AAC Audio Decoder MFT, CLSID_CMSAACDecMFT
MFAudioFormat_WMAudio_Lossless, WMAudio Decoder MFT, CLSID_CWMADecMediaObject
MEDIASUBTYPE_MPG4, Mpeg4 Decoder MFT, CLSID_CMpeg4DecMediaObject
{3F40F4F0-5622-4FF8-B6D8-A17A584BEE5E}, Microsoft H264 Video Decoder MFT, CLSID_CMSH264DecoderMFT
MFVideoFormat_WVC1, WMVideo Decoder MFT, CLSID_CWMVDecMediaObject
WMMEDIASUBTYPE_WMSP2, WMSpeech Decoder DMO, CLSID_CWMSPDecMediaObject
KSDATAFORMAT_SUBTYPE_ADPCM, ADPCM ACM Wrapper MFT, {CA34FE0A-5722-43AD-AF23-05F7650257DD}
MFVideoFormat_DVHD, DV Decoder MFT, {404A6DE5-D4D6-4260-9BC7-5A6CBD882432}
MFAudioFormat_MPEG, Microsoft MPEG Audio Decoder MFT, {70707B39-B2CA-4015-ABEA-F8447D22D88B}
{00002000-0000-0010-8000-00AA00389B71}, Microsoft Dolby Digital Plus Decoder MFT, {177C0AFE-900B-48D4-9E4C-57ADD250B3D4}
MFAudioFormat_WMAudioV9, WMAudio Decoder MFT, CLSID_CWMADecMediaObject
MFVideoFormat_WMV2, WMVideo Decoder MFT, CLSID_CWMVDecMediaObject
MEDIASUBTYPE_DOLBY_DDPLUS, Microsoft Dolby Digital Plus Decoder MFT, {177C0AFE-900B-48D4-9E4C-57ADD250B3D4}
{53314356-0000-0010-8000-00AA00389B71}, WMVideo Decoder MFT, CLSID_CWMVDecMediaObject
MFAudioFormat_MP3, MP3 Decoder MFT, CLSID_CMP3DecMediaObject
MEDIASUBTYPE_mp42, Mpeg4 Decoder MFT, CLSID_CMpeg4DecMediaObject
MFVideoFormat_MSS1, WMV Screen decoder MFT, CLSID_CMSSCDecMediaObject
MFVideoFormat_WMV1, WMVideo Decoder MFT, CLSID_CWMVDecMediaObject
MEDIASUBTYPE_WVP2, WMVideo Decoder MFT, CLSID_CWMVDecMediaObject
MEDIASUBTYPE_WMVP, WMVideo Decoder MFT, CLSID_CWMVDecMediaObject
MFVideoFormat_WMV3, WMVideo Decoder MFT, CLSID_CWMVDecMediaObject
MEDIASUBTYPE_WMVR, WMVideo Decoder MFT, CLSID_CWMVDecMediaObject
KSDATAFORMAT_SUBTYPE_MULAW, G711 Wrapper MFT, {92B66080-5E2D-449E-90C4-C41F268E5514}
MFVideoFormat_MJPG, MJPEG Decoder MFT, {CB17E772-E1CC-4633-8450-5617AF577905}
MEDIASUBTYPE_mp43, Mpeg43 Decoder MFT, CLSID_CMpeg43DecMediaObject
{00000031-0000-0010-8000-00AA00389B71}, GSM ACM Wrapper MFT, {4A76B469-7B66-4DD4-BA2D-DDF244C766DC}
MFVideoFormat_MSS2, WMV Screen decoder MFT, CLSID_CMSSCDecMediaObject
MFVideoFormat_DVSD, DV Decoder MFT, {404A6DE5-D4D6-4260-9BC7-5A6CBD882432}
MFAudioFormat_WMAudioV8, WMAudio Decoder MFT, CLSID_CWMADecMediaObject
MFAudioFormat_MSP1, WMSpeech Decoder DMO, CLSID_CWMSPDecMediaObject
MEDIASUBTYPE_RAW_AAC1, Microsoft AAC Audio Decoder MFT, CLSID_CMSAACDecMFT
MFVideoFormat_MP43, Mpeg43 Decoder MFT, CLSID_CMpeg43DecMediaObject
MFVideoFormat_DVSL, DV Decoder MFT, {404A6DE5-D4D6-4260-9BC7-5A6CBD882432}
MFVideoFormat_DVC, DV Decoder MFT, {404A6DE5-D4D6-4260-9BC7-5A6CBD882432}
{00000011-0000-0010-8000-00AA00389B71}, IMA ADPCM ACM Wrapper MFT, {A16E1BFF-A80D-48AD-AECD-A35C005685FE}
MEDIASUBTYPE_MP42, Mpeg4 Decoder MFT, CLSID_CMpeg4DecMediaObject
{00000006-0000-0010-8000-00AA00389B71}, A-law Wrapper MFT, {36CB6E0C-78C1-42B2-9943-846262F31786}
MEDIASUBTYPE_mpg4, Mpeg4 Decoder MFT, CLSID_CMpeg4DecMediaObject
MEDIASUBTYPE_m4s2, Mpeg4s Decoder MFT, CLSID_CMpeg4sDecMFT
MFVideoFormat_MP4S, Mpeg4s Decoder MFT, CLSID_CMpeg4sDecMFT
MFVideoFormat_M4S2, Mpeg4s Decoder MFT, CLSID_CMpeg4sDecMFT
MEDIASUBTYPE_mp4s, Mpeg4s Decoder MFT, CLSID_CMpeg4sDecMFT
{33363248-0000-0010-8000-00AA00389B71}, Mpeg4s Decoder MFT, CLSID_CMpeg4sDecMFT
{E06D802C-DB46-11CF-B4D1-00805F6CBBEA}, Microsoft Dolby Digital Plus Decoder MFT, {177C0AFE-900B-48D4-9E4C-57ADD250B3D4}
MFVideoFormat_MP4V, Mpeg4s Decoder MFT, CLSID_CMpeg4sDecMFT
MFVideoFormat_H264, Microsoft H264 Video Decoder MFT, CLSID_CMSH264DecoderMFT
{7634706D-0000-0010-8000-00AA00389B71}, Mpeg4s Decoder MFT, CLSID_CMpeg4sDecMFT
MFVideoFormat_MPEG2, Microsoft MPEG Video Decoder MFT, {2D709E52-123F-49B5-9CBC-9AF5CDE28FB9}
MFVideoFormat_MPG1, Microsoft MPEG Video Decoder MFT, {2D709E52-123F-49B5-9CBC-9AF5CDE28FB9}
MEDIASUBTYPE_WMVA, WMVideo Decoder MFT, CLSID_CWMVDecMediaObject
MEDIASUBTYPE_MSAUDIO1, WMAudio Decoder MFT, CLSID_CWMADecMediaObject


-------------------------------------
Disabled Media Foundation Transforms
-------------------------------------

[HKEY_LOCAL_MACHINE\Software\Classes\MediaFoundation\Transforms\DoNotUse]

<transform CLSID>



------------------------
Disabled Media Sources
------------------------

[HKEY_LOCAL_MACHINE\Software\Classes\MediaFoundation\MediaSources\DoNotUse]

<media source CLSID>


---------------
EVR Power Information
---------------
Current Setting: {5C67A112-A4C9-483F-B4A7-1D473BECAFDC} (Quality) 
  Quality Flags: 2576
    Enabled:
    Force throttling
    Allow half deinterlace
    Allow scaling
    Decode Power Usage: 100
  Balanced Flags: 1424
    Enabled:
    Force throttling
    Allow batching
    Force half deinterlace
    Force scaling
    Decode Power Usage: 50
  PowerFlags: 1424
    Enabled:
    Force throttling
    Allow batching
    Force half deinterlace
    Force scaling
    Decode Power Usage: 0

---------------
Diagnostics
---------------

Windows Error Reporting:
+++ WER0 +++:
Fault bucket , type 0
Event Name: PnPDriverNotFound
Response: Not available
Cab Id: 0

Problem signature:
P1: x64
P2: USB\VID_0FCE&PID_61AF&REV_0232&MI_01
P3: 
P4: 
P5: 
P6: 
P7: 
P8: 
P9: 
P10: 


+++ WER1 +++:
Fault bucket , type 0
Event Name: PnPGenericDriverFound
Response: Not available
Cab Id: 0

Problem signature:
P1: x64
P2: USB\VID_0FCE&PID_51AF&REV_0232&MI_00
P3: 
P4: 
P5: 
P6: 
P7: 
P8: 
P9: 
P10: 


+++ WER2 +++:
Fault bucket , type 0
Event Name: PnPDriverNotFound
Response: Not available
Cab Id: 0

Problem signature:
P1: x64
P2: USB\VID_0FCE&PID_51AF&REV_0232&MI_01
P3: 
P4: 
P5: 
P6: 
P7: 
P8: 
P9: 
P10: 


+++ WER3 +++:
Fault bucket , type 0
Event Name: ScriptedDiagFailure
Response: Not available
Cab Id: 0

Problem signature:
P1: Microsoft Windows.NetworkDiagnostics.1.0
P2: 4140090696
P3: 1.0.0.0
P4: Default
P5: 
P6: 
P7: 
P8: 
P9: 
P10: 


+++ WER4 +++:
Fault bucket , type 0
Event Name: NetworkDiagnosticsFrameworkV3
Response: Not available
Cab Id: 0

Problem signature:
P1: Microsoft
P2: AddressAcquisition [1.0]
P3: 2
P4: 8008F906
P5: {07D37F7B-FA5E-4443-BDA7-AB107B29AFB9}
P6: AddressAcquisition [1.0]
P7: {BAA4467D-8F57-4739-879B-2CF78298177B}
P8: l1c63x64.sys
P9: 2.1.0.16 22/08/2013
P10: 


+++ WER5 +++:
Fault bucket , type 0
Event Name: ScriptedDiagFailure
Response: Not available
Cab Id: 0

Problem signature:
P1: Microsoft Windows.NetworkDiagnostics.1.0
P2: 2932917079
P3: 1.0.0.0
P4: Default
P5: 
P6: 
P7: 
P8: 
P9: 
P10: 


+++ WER6 +++:
Fault bucket , type 0
Event Name: NetworkDiagnosticsFrameworkV3
Response: Not available
Cab Id: 0

Problem signature:
P1: Microsoft
P2: AddressAcquisition [1.0]
P3: 2
P4: 8008F906
P5: {07D37F7B-FA5E-4443-BDA7-AB107B29AFB9}
P6: AddressAcquisition [1.0]
P7: {245A9D66-AE9C-4518-A5B4-655752B0A5BD}
P8: l1c63x64.sys
P9: 2.1.0.16 22/08/2013
P10: 


+++ WER7 +++:
Fault bucket , type 0
Event Name: ScriptedDiagFailure
Response: Not available
Cab Id: 0

Problem signature:
P1: Microsoft Windows.NetworkDiagnostics.1.0
P2: 348729486
P3: 1.0.0.0
P4: Default
P5: 
P6: 
P7: 
P8: 
P9: 
P10: 


+++ WER8 +++:
Fault bucket , type 0
Event Name: NetworkDiagnosticsFrameworkV3
Response: Not available
Cab Id: 0

Problem signature:
P1: Microsoft
P2: AddressAcquisition [1.0]
P3: 2
P4: 0
P5: {00000000-0000-0000-0000-000000000000}
P6: AddressAcquisition [1.0]
P7: {271FFA7D-FD14-4cd5-8C8F-974956ED2D92}
P8: l1c63x64.sys
P9: 2.1.0.16 22/08/2013
P10: 


+++ WER9 +++:
Fault bucket , type 0
Event Name: NetworkDiagnosticsFrameworkV3
Response: Not available
Cab Id: 0

Problem signature:
P1: Microsoft
P2: AddressAcquisition [1.0]
P3: 2
P4: 8008F906
P5: {07D37F7B-FA5E-4443-BDA7-AB107B29AFB9}
P6: AddressAcquisition [1.0]
P7: {271FFA7D-FD14-4cd5-8C8F-974956ED2D92}
P8: l1c63x64.sys
P9: 2.1.0.16 22/08/2013
P10: 


