VirtualBox VM 5.0.4 r102546 win.amd64 (Sep  8 2015 10:46:49) release log
00:00:00.730178 Log opened 2016-08-08T20:55:13.715116900Z
00:00:00.730179 Build Type: release
00:00:00.730184 OS Product: Windows 8.1
00:00:00.730185 OS Release: 6.3.9600
00:00:00.730186 OS Service Pack: 
00:00:00.877276 DMI Product Name: To Be Filled By O.E.M.
00:00:00.880792 DMI Product Version: To Be Filled By O.E.M.
00:00:00.880799 Host RAM: 8175MB total, 5399MB available
00:00:00.880801 Executable: C:\Program Files\Oracle\VirtualBox\VBoxHeadless.exe
00:00:00.880802 Process ID: 3208
00:00:00.880803 Package type: WINDOWS_64BITS_GENERIC
00:00:00.902136 Installed Extension Packs:
00:00:00.902183   None installed!
00:00:00.906075 Console: Machine state changed to 'Starting'
00:00:01.132983 SUP: Loaded VMMR0.r0 (C:\Program Files\Oracle\VirtualBox\VMMR0.r0) at 0xfffff801888ac000 - ModuleInit at fffff801888cd990 and ModuleTerm at fffff801888cde80 using the native ring-0 loader
00:00:01.133007 SUP: VMMR0EntryEx located at fffff801888d08b0 and VMMR0EntryFast at fffff801888ce5c0
00:00:01.133015 SUP: windbg> .reload /f C:\Program Files\Oracle\VirtualBox\VMMR0.r0=0xfffff801888ac000
00:00:01.141038 Guest OS type: 'Linux_64'
00:00:01.147400 Installed Drivers:
00:00:01.153496   C:\Windows\system32\DRIVERS\VBoxUSBMon.sys (Version: 5.0.4.2546)
00:00:01.163082   C:\Windows\system32\DRIVERS\VBoxDrv.sys (Version: 5.0.4.2546)
00:00:01.165452   C:\Windows\system32\DRIVERS\VBoxNetAdp6.sys (Version: 5.0.4.2546)
00:00:01.168310   C:\Windows\system32\DRIVERS\VBoxNetLwf.sys (Version: 5.0.4.2546)
00:00:01.170728 fHMForced=true - SMP
00:00:01.170739 fHMForced=true - 64-bit guest
00:00:01.197643 File system of 'C:\Users\David\AppData\Local\Genymobile\Genymotion\deployed\Samsung Galaxy S6 - 5.0.0 - API 21 - 1440x2560\Snapshots' (snapshots) is ntfs
00:00:01.197661 File system of 'C:\Users\David\AppData\Local\Genymobile\Genymotion\deployed\Samsung Galaxy S6 - 5.0.0 - API 21 - 1440x2560\Snapshots/{e9811506-11b1-49bd-90fb-13da9a154fb0}.vmdk' is ntfs
00:00:01.208460 File system of 'C:\Users\David\AppData\Local\Genymobile\Genymotion\deployed\Samsung Galaxy S6 - 5.0.0 - API 21 - 1440x2560\Snapshots/{56d6a2e9-700b-44c0-ae22-8dcd5152677a}.vmdk' is ntfs
00:00:01.218690 File system of 'C:\Users\David\AppData\Local\Genymobile\Genymotion\deployed\Samsung Galaxy S6 - 5.0.0 - API 21 - 1440x2560\Snapshots/{67bdcb37-d62a-44a1-875a-927984d2fd58}.vdi' is ntfs
00:00:02.042300 Shared clipboard service loaded
00:00:02.042314 Shared clipboard mode: Off
00:00:02.051239 Drag and drop service loaded
00:00:02.051255 Drag and drop mode: Off
00:00:02.069671 Guest Control service loaded
00:00:02.876554 ************************* CFGM dump *************************
00:00:02.876556 [/] (level 0)
00:00:02.876560   CSAMEnabled       <integer> = 0x0000000000000001 (1)
00:00:02.876563   CpuExecutionCap   <integer> = 0x0000000000000064 (100)
00:00:02.876565   EnablePAE         <integer> = 0x0000000000000000 (0)
00:00:02.876567   HMEnabled         <integer> = 0x0000000000000001 (1)
00:00:02.876568   MemBalloonSize    <integer> = 0x0000000000000000 (0)
00:00:02.876570   Name              <string>  = "Samsung Galaxy S6 - 5.0.0 - API 21 - 1440x2560" (cb=47)
00:00:02.876572   NumCPUs           <integer> = 0x0000000000000004 (4)
00:00:02.876574   PATMEnabled       <integer> = 0x0000000000000001 (1)
00:00:02.876575   PageFusionAllowed <integer> = 0x0000000000000000 (0)
00:00:02.876577   RamHoleSize       <integer> = 0x0000000020000000 (536 870 912, 512 MB)
00:00:02.876579   RamSize           <integer> = 0x00000000c0000000 (3 221 225 472, 3 GB)
00:00:02.876582   RawR0Enabled      <integer> = 0x0000000000000001 (1)
00:00:02.876583   RawR3Enabled      <integer> = 0x0000000000000001 (1)
00:00:02.876585   TimerMillies      <integer> = 0x000000000000000a (10)
00:00:02.876586   UUID              <bytes>   = "ff 90 60 ac f8 32 0d 49 a9 b9 f1 48 76 5b 40 90" (cb=16)
00:00:02.876591 
00:00:02.876592 [/CPUM/] (level 1)
00:00:02.876593   PortableCpuIdLevel <integer> = 0x0000000000000000 (0)
00:00:02.876595 
00:00:02.876596 [/DBGF/] (level 1)
00:00:02.876597   Path <string>  = "C:\Users\David\AppData\Local\Genymobile\Genymotion\deployed\Samsung Galaxy S6 - 5.0.0 - API 21 - 1440x2560/debug/;C:\Users\David\AppData\Local\Genymobile\Genymotion\deployed\Samsung Galaxy S6 - 5.0.0 - API 21 - 1440x2560/;C:\Users\David/" (cb=238)
00:00:02.876599 
00:00:02.876600 [/Devices/] (level 1)
00:00:02.876601 
00:00:02.876602 [/Devices/8237A/] (level 2)
00:00:02.876604 
00:00:02.876604 [/Devices/8237A/0/] (level 3)
00:00:02.876606   Trusted <integer> = 0x0000000000000001 (1)
00:00:02.876608 
00:00:02.876608 [/Devices/VMMDev/] (level 2)
00:00:02.876610 
00:00:02.876610 [/Devices/VMMDev/0/] (level 3)
00:00:02.876613   PCIBusNo      <integer> = 0x0000000000000000 (0)
00:00:02.876614   PCIDeviceNo   <integer> = 0x0000000000000004 (4)
00:00:02.876616   PCIFunctionNo <integer> = 0x0000000000000000 (0)
00:00:02.876617   Trusted       <integer> = 0x0000000000000001 (1)
00:00:02.876619 
00:00:02.876620 [/Devices/VMMDev/0/Config/] (level 4)
00:00:02.876622   GuestCoreDumpDir <string>  = "C:\Users\David\AppData\Local\Genymobile\Genymotion\deployed\Samsung Galaxy S6 - 5.0.0 - API 21 - 1440x2560\Snapshots" (cb=117)
00:00:02.876624   RamSize          <integer> = 0x00000000c0000000 (3 221 225 472, 3 GB)
00:00:02.876626 
00:00:02.876627 [/Devices/VMMDev/0/LUN#0/] (level 4)
00:00:02.876629   Driver <string>  = "HGCM" (cb=5)
00:00:02.876630 
00:00:02.876631 [/Devices/VMMDev/0/LUN#0/Config/] (level 5)
00:00:02.876633   Object <integer> = 0x000000000229a4d0 (36 283 600)
00:00:02.876635 
00:00:02.876636 [/Devices/VMMDev/0/LUN#999/] (level 4)
00:00:02.876638   Driver <string>  = "MainStatus" (cb=11)
00:00:02.876639 
00:00:02.876640 [/Devices/VMMDev/0/LUN#999/Config/] (level 5)
00:00:02.876642   First   <integer> = 0x0000000000000000 (0)
00:00:02.876644   Last    <integer> = 0x0000000000000000 (0)
00:00:02.876645   papLeds <integer> = 0x0000000002298930 (36 276 528)
00:00:02.876647 
00:00:02.876648 [/Devices/acpi/] (level 2)
00:00:02.876649 
00:00:02.876650 [/Devices/acpi/0/] (level 3)
00:00:02.876652   PCIBusNo      <integer> = 0x0000000000000000 (0)
00:00:02.876654   PCIDeviceNo   <integer> = 0x0000000000000007 (7)
00:00:02.876655   PCIFunctionNo <integer> = 0x0000000000000000 (0)
00:00:02.876656   Trusted       <integer> = 0x0000000000000001 (1)
00:00:02.876658 
00:00:02.876658 [/Devices/acpi/0/Config/] (level 4)
00:00:02.876662   CpuHotPlug        <integer> = 0x0000000000000000 (0)
00:00:02.876664   FdcEnabled        <integer> = 0x0000000000000000 (0)
00:00:02.876665   HostBusPciAddress <integer> = 0x0000000000000000 (0)
00:00:02.876666   HpetEnabled       <integer> = 0x0000000000000000 (0)
00:00:02.876668   IOAPIC            <integer> = 0x0000000000000001 (1)
00:00:02.876669   IocPciAddress     <integer> = 0x0000000000010000 (65 536)
00:00:02.876671   NumCPUs           <integer> = 0x0000000000000004 (4)
00:00:02.876673   RamHoleSize       <integer> = 0x0000000020000000 (536 870 912, 512 MB)
00:00:02.876675   RamSize           <integer> = 0x00000000c0000000 (3 221 225 472, 3 GB)
00:00:02.876678   Serial0IoPortBase <integer> = 0x0000000000000000 (0)
00:00:02.876679   Serial0Irq        <integer> = 0x0000000000000000 (0)
00:00:02.876681   Serial1IoPortBase <integer> = 0x0000000000000000 (0)
00:00:02.876682   Serial1Irq        <integer> = 0x0000000000000000 (0)
00:00:02.876684   ShowCpu           <integer> = 0x0000000000000001 (1)
00:00:02.876685   ShowRtc           <integer> = 0x0000000000000000 (0)
00:00:02.876687   SmcEnabled        <integer> = 0x0000000000000000 (0)
00:00:02.876688 
00:00:02.876689 [/Devices/acpi/0/LUN#0/] (level 4)
00:00:02.876691   Driver <string>  = "ACPIHost" (cb=9)
00:00:02.876692 
00:00:02.876693 [/Devices/acpi/0/LUN#0/Config/] (level 5)
00:00:02.876695 
00:00:02.876695 [/Devices/acpi/0/LUN#1/] (level 4)
00:00:02.876697   Driver <string>  = "ACPICpu" (cb=8)
00:00:02.876698 
00:00:02.876699 [/Devices/acpi/0/LUN#1/Config/] (level 5)
00:00:02.876701 
00:00:02.876702 [/Devices/acpi/0/LUN#2/] (level 4)
00:00:02.876704   Driver <string>  = "ACPICpu" (cb=8)
00:00:02.876705 
00:00:02.876705 [/Devices/acpi/0/LUN#2/Config/] (level 5)
00:00:02.876707 
00:00:02.876708 [/Devices/acpi/0/LUN#3/] (level 4)
00:00:02.876710   Driver <string>  = "ACPICpu" (cb=8)
00:00:02.876711 
00:00:02.876711 [/Devices/acpi/0/LUN#3/Config/] (level 5)
00:00:02.876713 
00:00:02.876714 [/Devices/apic/] (level 2)
00:00:02.876716 
00:00:02.876716 [/Devices/apic/0/] (level 3)
00:00:02.876718   Trusted <integer> = 0x0000000000000001 (1)
00:00:02.876719 
00:00:02.876720 [/Devices/apic/0/Config/] (level 4)
00:00:02.876722   IOAPIC  <integer> = 0x0000000000000001 (1)
00:00:02.876723   NumCPUs <integer> = 0x0000000000000004 (4)
00:00:02.876725 
00:00:02.876725 [/Devices/e1000/] (level 2)
00:00:02.876727 
00:00:02.876727 [/Devices/i8254/] (level 2)
00:00:02.876729 
00:00:02.876729 [/Devices/i8254/0/] (level 3)
00:00:02.876731 
00:00:02.876732 [/Devices/i8254/0/Config/] (level 4)
00:00:02.876733 
00:00:02.876734 [/Devices/i8259/] (level 2)
00:00:02.876736 
00:00:02.876736 [/Devices/i8259/0/] (level 3)
00:00:02.876738   Trusted <integer> = 0x0000000000000001 (1)
00:00:02.876739 
00:00:02.876740 [/Devices/i8259/0/Config/] (level 4)
00:00:02.876742 
00:00:02.876742 [/Devices/ichac97/] (level 2)
00:00:02.876743 
00:00:02.876744 [/Devices/ichac97/0/] (level 3)
00:00:02.876746   PCIBusNo      <integer> = 0x0000000000000000 (0)
00:00:02.876747   PCIDeviceNo   <integer> = 0x0000000000000005 (5)
00:00:02.876749   PCIFunctionNo <integer> = 0x0000000000000000 (0)
00:00:02.876750   Trusted       <integer> = 0x0000000000000001 (1)
00:00:02.876752 
00:00:02.876752 [/Devices/ichac97/0/AudioConfig/] (level 4)
00:00:02.876754 
00:00:02.876755 [/Devices/ichac97/0/Config/] (level 4)
00:00:02.876757   Codec <string>  = "STAC9700" (cb=9)
00:00:02.876758 
00:00:02.876759 [/Devices/ichac97/0/LUN#0/] (level 4)
00:00:02.876761   Driver <string>  = "AUDIO" (cb=6)
00:00:02.876762 
00:00:02.876762 [/Devices/ichac97/0/LUN#0/AttachedDriver/] (level 5)
00:00:02.876764   Driver <string>  = "DSoundAudio" (cb=12)
00:00:02.876765 
00:00:02.876766 [/Devices/ichac97/0/LUN#0/AttachedDriver/Config/] (level 6)
00:00:02.876769   StreamName <string>  = "Samsung Galaxy S6 - 5.0.0 - API 21 - 1440x2560" (cb=47)
00:00:02.876770 
00:00:02.876770 [/Devices/ichac97/0/LUN#0/Config/] (level 5)
00:00:02.876773 
00:00:02.876773 [/Devices/ichac97/0/LUN#1/] (level 4)
00:00:02.876775   Driver <string>  = "AUDIO" (cb=6)
00:00:02.876776 
00:00:02.876777 [/Devices/ichac97/0/LUN#1/AttachedDriver/] (level 5)
00:00:02.876779   Driver <string>  = "AudioVRDE" (cb=10)
00:00:02.876780 
00:00:02.876780 [/Devices/ichac97/0/LUN#1/AttachedDriver/Config/] (level 6)
00:00:02.876783   AudioDriver      <string>  = "AudioVRDE" (cb=10)
00:00:02.876784   Object           <integer> = 0x0000000002271270 (36 115 056)
00:00:02.876786   ObjectVRDPServer <integer> = 0x00000000022a1b40 (36 313 920)
00:00:02.876788   StreamName       <string>  = "Samsung Galaxy S6 - 5.0.0 - API 21 - 1440x2560" (cb=47)
00:00:02.876789 
00:00:02.876790 [/Devices/ioapic/] (level 2)
00:00:02.876792 
00:00:02.876792 [/Devices/ioapic/0/] (level 3)
00:00:02.876794   Trusted <integer> = 0x0000000000000001 (1)
00:00:02.876796 
00:00:02.876796 [/Devices/ioapic/0/Config/] (level 4)
00:00:02.876798   NumCPUs <integer> = 0x0000000000000004 (4)
00:00:02.876799 
00:00:02.876800 [/Devices/mc146818/] (level 2)
00:00:02.876801 
00:00:02.876802 [/Devices/mc146818/0/] (level 3)
00:00:02.876803 
00:00:02.876804 [/Devices/mc146818/0/Config/] (level 4)
00:00:02.876806   UseUTC <integer> = 0x0000000000000001 (1)
00:00:02.876807 
00:00:02.876808 [/Devices/parallel/] (level 2)
00:00:02.876809 
00:00:02.876810 [/Devices/pcarch/] (level 2)
00:00:02.876811 
00:00:02.876812 [/Devices/pcarch/0/] (level 3)
00:00:02.876813   Trusted <integer> = 0x0000000000000001 (1)
00:00:02.876815 
00:00:02.876815 [/Devices/pcarch/0/Config/] (level 4)
00:00:02.876817 
00:00:02.876818 [/Devices/pcbios/] (level 2)
00:00:02.876819 
00:00:02.876820 [/Devices/pcbios/0/] (level 3)
00:00:02.876822   Trusted <integer> = 0x0000000000000001 (1)
00:00:02.876823 
00:00:02.876823 [/Devices/pcbios/0/Config/] (level 4)
00:00:02.876827   BootDevice0    <string>  = "IDE" (cb=4)
00:00:02.876828   BootDevice1    <string>  = "NONE" (cb=5)
00:00:02.876830   BootDevice2    <string>  = "NONE" (cb=5)
00:00:02.876831   BootDevice3    <string>  = "NONE" (cb=5)
00:00:02.876832   FloppyDevice   <string>  = "i82078" (cb=7)
00:00:02.876836   HardDiskDevice <string>  = "piix3ide" (cb=9)
00:00:02.876837   IOAPIC         <integer> = 0x0000000000000001 (1)
00:00:02.876838   McfgBase       <integer> = 0x0000000000000000 (0)
00:00:02.876840   McfgLength     <integer> = 0x0000000000000000 (0)
00:00:02.876841   NumCPUs        <integer> = 0x0000000000000004 (4)
00:00:02.876842   PXEDebug       <integer> = 0x0000000000000000 (0)
00:00:02.876844   RamHoleSize    <integer> = 0x0000000020000000 (536 870 912, 512 MB)
00:00:02.876846   RamSize        <integer> = 0x00000000c0000000 (3 221 225 472, 3 GB)
00:00:02.876848   UUID           <bytes>   = "ff 90 60 ac f8 32 0d 49 a9 b9 f1 48 76 5b 40 90" (cb=16)
00:00:02.876853 
00:00:02.876853 [/Devices/pcbios/0/Config/NetBoot/] (level 5)
00:00:02.876856 
00:00:02.876856 [/Devices/pcbios/0/Config/NetBoot/0/] (level 6)
00:00:02.876859   NIC           <integer> = 0x0000000000000000 (0)
00:00:02.876860   PCIBusNo      <integer> = 0x0000000000000000 (0)
00:00:02.876862   PCIDeviceNo   <integer> = 0x0000000000000003 (3)
00:00:02.876863   PCIFunctionNo <integer> = 0x0000000000000000 (0)
00:00:02.876865 
00:00:02.876866 [/Devices/pci/] (level 2)
00:00:02.876867 
00:00:02.876867 [/Devices/pci/0/] (level 3)
00:00:02.876869   Trusted <integer> = 0x0000000000000001 (1)
00:00:02.876870 
00:00:02.876871 [/Devices/pci/0/Config/] (level 4)
00:00:02.876873   IOAPIC <integer> = 0x0000000000000001 (1)
00:00:02.876874 
00:00:02.876874 [/Devices/pckbd/] (level 2)
00:00:02.876876 
00:00:02.876876 [/Devices/pckbd/0/] (level 3)
00:00:02.876878   Trusted <integer> = 0x0000000000000001 (1)
00:00:02.876879 
00:00:02.876880 [/Devices/pckbd/0/Config/] (level 4)
00:00:02.876882 
00:00:02.876882 [/Devices/pckbd/0/LUN#0/] (level 4)
00:00:02.876884   Driver <string>  = "KeyboardQueue" (cb=14)
00:00:02.876885 
00:00:02.876886 [/Devices/pckbd/0/LUN#0/AttachedDriver/] (level 5)
00:00:02.876888   Driver <string>  = "MainKeyboard" (cb=13)
00:00:02.876889 
00:00:02.876890 [/Devices/pckbd/0/LUN#0/AttachedDriver/Config/] (level 6)
00:00:02.876893   Object <integer> = 0x000000000229dc70 (36 297 840)
00:00:02.876894 
00:00:02.876895 [/Devices/pckbd/0/LUN#0/Config/] (level 5)
00:00:02.876897   QueueSize <integer> = 0x0000000000000040 (64)
00:00:02.876899 
00:00:02.876899 [/Devices/pckbd/0/LUN#1/] (level 4)
00:00:02.876902   Driver <string>  = "MouseQueue" (cb=11)
00:00:02.876903 
00:00:02.876903 [/Devices/pckbd/0/LUN#1/AttachedDriver/] (level 5)
00:00:02.876906   Driver <string>  = "MainMouse" (cb=10)
00:00:02.876907 
00:00:02.876908 [/Devices/pckbd/0/LUN#1/AttachedDriver/Config/] (level 6)
00:00:02.876910   Object <integer> = 0x000000000229e270 (36 299 376)
00:00:02.876912 
00:00:02.876912 [/Devices/pckbd/0/LUN#1/Config/] (level 5)
00:00:02.876915   QueueSize <integer> = 0x0000000000000080 (128)
00:00:02.876917 
00:00:02.876917 [/Devices/pcnet/] (level 2)
00:00:02.876919 
00:00:02.876920 [/Devices/piix3ide/] (level 2)
00:00:02.876922 
00:00:02.876922 [/Devices/piix3ide/0/] (level 3)
00:00:02.876925   PCIBusNo      <integer> = 0x0000000000000000 (0)
00:00:02.876926   PCIDeviceNo   <integer> = 0x0000000000000001 (1)
00:00:02.876928   PCIFunctionNo <integer> = 0x0000000000000001 (1)
00:00:02.876929   Trusted       <integer> = 0x0000000000000001 (1)
00:00:02.876930 
00:00:02.876931 [/Devices/piix3ide/0/Config/] (level 4)
00:00:02.876933   Type <string>  = "PIIX4" (cb=6)
00:00:02.876934 
00:00:02.876935 [/Devices/piix3ide/0/Config/PrimaryMaster/] (level 5)
00:00:02.876937   NonRotationalMedium <integer> = 0x0000000000000000 (0)
00:00:02.876939 
00:00:02.876939 [/Devices/piix3ide/0/Config/PrimarySlave/] (level 5)
00:00:02.876942   NonRotationalMedium <integer> = 0x0000000000000000 (0)
00:00:02.876943 
00:00:02.876944 [/Devices/piix3ide/0/Config/SecondaryMaster/] (level 5)
00:00:02.876946   NonRotationalMedium <integer> = 0x0000000000000000 (0)
00:00:02.876947 
00:00:02.876948 [/Devices/piix3ide/0/LUN#0/] (level 4)
00:00:02.876950   Driver <string>  = "Block" (cb=6)
00:00:02.876952 
00:00:02.876952 [/Devices/piix3ide/0/LUN#0/AttachedDriver/] (level 5)
00:00:02.876955   Driver <string>  = "VD" (cb=3)
00:00:02.876956 
00:00:02.876957 [/Devices/piix3ide/0/LUN#0/AttachedDriver/Config/] (level 6)
00:00:02.876959   Format <string>  = "VMDK" (cb=5)
00:00:02.876961   Path   <string>  = "C:\Users\David\AppData\Local\Genymobile\Genymotion\deployed\Samsung Galaxy S6 - 5.0.0 - API 21 - 1440x2560\Snapshots/{e9811506-11b1-49bd-90fb-13da9a154fb0}.vmdk" (cb=161)
00:00:02.876963   Type   <string>  = "HardDisk" (cb=9)
00:00:02.876964 
00:00:02.876964 [/Devices/piix3ide/0/LUN#0/AttachedDriver/Config/Parent/] (level 7)
00:00:02.876968   Format <string>  = "VMDK" (cb=5)
00:00:02.876969   Path   <string>  = "C:\Users\David\AppData\Local\Genymobile\Genymotion\deployed\Samsung Galaxy S6 - 5.0.0 - API 21 - 1440x2560\android_system_disk.vmdk" (cb=132)
00:00:02.876971 
00:00:02.876972 [/Devices/piix3ide/0/LUN#0/Config/] (level 5)
00:00:02.876974   Mountable <integer> = 0x0000000000000000 (0)
00:00:02.876976   Type      <string>  = "HardDisk" (cb=9)
00:00:02.876977 
00:00:02.876978 [/Devices/piix3ide/0/LUN#1/] (level 4)
00:00:02.876980   Driver <string>  = "Block" (cb=6)
00:00:02.876982 
00:00:02.876982 [/Devices/piix3ide/0/LUN#1/AttachedDriver/] (level 5)
00:00:02.876985   Driver <string>  = "VD" (cb=3)
00:00:02.876986 
00:00:02.876987 [/Devices/piix3ide/0/LUN#1/AttachedDriver/Config/] (level 6)
00:00:02.876990   Format <string>  = "VMDK" (cb=5)
00:00:02.876991   Path   <string>  = "C:\Users\David\AppData\Local\Genymobile\Genymotion\deployed\Samsung Galaxy S6 - 5.0.0 - API 21 - 1440x2560\Snapshots/{56d6a2e9-700b-44c0-ae22-8dcd5152677a}.vmdk" (cb=161)
00:00:02.876992   Type   <string>  = "HardDisk" (cb=9)
00:00:02.876994 
00:00:02.876994 [/Devices/piix3ide/0/LUN#1/AttachedDriver/Config/Parent/] (level 7)
00:00:02.876997   Format <string>  = "VMDK" (cb=5)
00:00:02.876998   Path   <string>  = "C:\Users\David\AppData\Local\Genymobile\Genymotion\deployed\Samsung Galaxy S6 - 5.0.0 - API 21 - 1440x2560\android_data_disk.vmdk" (cb=130)
00:00:02.877000 
00:00:02.877000 [/Devices/piix3ide/0/LUN#1/Config/] (level 5)
00:00:02.877003   Mountable <integer> = 0x0000000000000000 (0)
00:00:02.877004   Type      <string>  = "HardDisk" (cb=9)
00:00:02.877005 
00:00:02.877006 [/Devices/piix3ide/0/LUN#2/] (level 4)
00:00:02.877008   Driver <string>  = "Block" (cb=6)
00:00:02.877009 
00:00:02.877010 [/Devices/piix3ide/0/LUN#2/AttachedDriver/] (level 5)
00:00:02.877012   Driver <string>  = "VD" (cb=3)
00:00:02.877014 
00:00:02.877014 [/Devices/piix3ide/0/LUN#2/AttachedDriver/Config/] (level 6)
00:00:02.877017   Format <string>  = "VDI" (cb=4)
00:00:02.877018   Path   <string>  = "C:\Users\David\AppData\Local\Genymobile\Genymotion\deployed\Samsung Galaxy S6 - 5.0.0 - API 21 - 1440x2560\Snapshots/{67bdcb37-d62a-44a1-875a-927984d2fd58}.vdi" (cb=160)
00:00:02.877020   Type   <string>  = "HardDisk" (cb=9)
00:00:02.877021 
00:00:02.877021 [/Devices/piix3ide/0/LUN#2/AttachedDriver/Config/Parent/] (level 7)
00:00:02.877024   Format <string>  = "VDI" (cb=4)
00:00:02.877025   Path   <string>  = "C:\Users\David\AppData\Local\Genymobile\Genymotion\deployed\Samsung Galaxy S6 - 5.0.0 - API 21 - 1440x2560\sdcard.vdi" (cb=118)
00:00:02.877027 
00:00:02.877028 [/Devices/piix3ide/0/LUN#2/Config/] (level 5)
00:00:02.877030   Mountable <integer> = 0x0000000000000000 (0)
00:00:02.877031   Type      <string>  = "HardDisk" (cb=9)
00:00:02.877033 
00:00:02.877033 [/Devices/piix3ide/0/LUN#999/] (level 4)
00:00:02.877035   Driver <string>  = "MainStatus" (cb=11)
00:00:02.877037 
00:00:02.877037 [/Devices/piix3ide/0/LUN#999/Config/] (level 5)
00:00:02.877040   DeviceInstance        <string>  = "piix3ide/0" (cb=11)
00:00:02.877041   First                 <integer> = 0x0000000000000000 (0)
00:00:02.877043   Last                  <integer> = 0x0000000000000003 (3)
00:00:02.877044   pConsole              <integer> = 0x00000000022982b0 (36 274 864)
00:00:02.877047   papLeds               <integer> = 0x0000000002298600 (36 275 712)
00:00:02.877049   pmapMediumAttachments <integer> = 0x0000000002298950 (36 276 560)
00:00:02.877050 
00:00:02.877051 [/Devices/serial/] (level 2)
00:00:02.877053 
00:00:02.877053 [/Devices/usb-ohci/] (level 2)
00:00:02.877055 
00:00:02.877055 [/Devices/usb-ohci/0/] (level 3)
00:00:02.877058   PCIBusNo      <integer> = 0x0000000000000000 (0)
00:00:02.877060   PCIDeviceNo   <integer> = 0x0000000000000006 (6)
00:00:02.877061   PCIFunctionNo <integer> = 0x0000000000000000 (0)
00:00:02.877063   Trusted       <integer> = 0x0000000000000001 (1)
00:00:02.877064 
00:00:02.877065 [/Devices/usb-ohci/0/Config/] (level 4)
00:00:02.877067 
00:00:02.877068 [/Devices/usb-ohci/0/LUN#0/] (level 4)
00:00:02.877070   Driver <string>  = "VUSBRootHub" (cb=12)
00:00:02.877071 
00:00:02.877071 [/Devices/usb-ohci/0/LUN#0/Config/] (level 5)
00:00:02.877074 
00:00:02.877075 [/Devices/usb-ohci/0/LUN#999/] (level 4)
00:00:02.877077   Driver <string>  = "MainStatus" (cb=11)
00:00:02.877078 
00:00:02.877079 [/Devices/usb-ohci/0/LUN#999/Config/] (level 5)
00:00:02.877081   First   <integer> = 0x0000000000000000 (0)
00:00:02.877082   Last    <integer> = 0x0000000000000000 (0)
00:00:02.877084   papLeds <integer> = 0x0000000002298938 (36 276 536)
00:00:02.877085 
00:00:02.877086 [/Devices/vga/] (level 2)
00:00:02.877087 
00:00:02.877088 [/Devices/vga/0/] (level 3)
00:00:02.877090   PCIBusNo      <integer> = 0x0000000000000000 (0)
00:00:02.877091   PCIDeviceNo   <integer> = 0x0000000000000002 (2)
00:00:02.877093   PCIFunctionNo <integer> = 0x0000000000000000 (0)
00:00:02.877094   Trusted       <integer> = 0x0000000000000001 (1)
00:00:02.877096 
00:00:02.877096 [/Devices/vga/0/Config/] (level 4)
00:00:02.877099   CustomVideoMode1 <string>  = "480x640x16" (cb=11)
00:00:02.877100   CustomVideoMode2 <string>  = "768x1024x16" (cb=12)
00:00:02.877102   CustomVideoMode3 <string>  = "1024x600x16" (cb=12)
00:00:02.877103   CustomVideoMode4 <string>  = "600x1024x16" (cb=12)
00:00:02.877104   CustomVideoMode5 <string>  = "1280x800x16" (cb=12)
00:00:02.877106   CustomVideoMode6 <string>  = "800x1280x16" (cb=12)
00:00:02.877107   CustomVideoMode7 <string>  = "1366x768x16" (cb=12)
00:00:02.877108   CustomVideoMode8 <string>  = "768x1366x16" (cb=12)
00:00:02.877110   CustomVideoModes <integer> = 0x0000000000000008 (8)
00:00:02.877111   FadeIn           <integer> = 0x0000000000000001 (1)
00:00:02.877113   FadeOut          <integer> = 0x0000000000000001 (1)
00:00:02.877115   HeightReduction  <integer> = 0x0000000000000000 (0)
00:00:02.877116   LogoFile         <string>  = "" (cb=1)
00:00:02.877117   LogoTime         <integer> = 0x0000000000000000 (0)
00:00:02.877119   MonitorCount     <integer> = 0x0000000000000001 (1)
00:00:02.877120   ShowBootMenu     <integer> = 0x0000000000000002 (2)
00:00:02.877121   VRamSize         <integer> = 0x0000000002000000 (33 554 432, 32 MB)
00:00:02.877124 
00:00:02.877124 [/Devices/vga/0/LUN#0/] (level 4)
00:00:02.877127   Driver <string>  = "MainDisplay" (cb=12)
00:00:02.877128 
00:00:02.877128 [/Devices/vga/0/LUN#0/Config/] (level 5)
00:00:02.877131   Object <integer> = 0x000000000229ea60 (36 301 408)
00:00:02.877132 
00:00:02.877133 [/Devices/vga/0/LUN#999/] (level 4)
00:00:02.877135   Driver <string>  = "MainStatus" (cb=11)
00:00:02.877136 
00:00:02.877137 [/Devices/vga/0/LUN#999/Config/] (level 5)
00:00:02.877139   First   <integer> = 0x0000000000000000 (0)
00:00:02.877141   Last    <integer> = 0x0000000000000000 (0)
00:00:02.877142   papLeds <integer> = 0x0000000002298948 (36 276 552)
00:00:02.877144 
00:00:02.877145 [/Devices/virtio-net/] (level 2)
00:00:02.877147 
00:00:02.877147 [/Devices/virtio-net/0/] (level 3)
00:00:02.877149   PCIBusNo      <integer> = 0x0000000000000000 (0)
00:00:02.877151   PCIDeviceNo   <integer> = 0x0000000000000003 (3)
00:00:02.877152   PCIFunctionNo <integer> = 0x0000000000000000 (0)
00:00:02.877154   Trusted       <integer> = 0x0000000000000001 (1)
00:00:02.877155 
00:00:02.877155 [/Devices/virtio-net/0/Config/] (level 4)
00:00:02.877158   CableConnected <integer> = 0x0000000000000001 (1)
00:00:02.877160   LineSpeed      <integer> = 0x0000000000000000 (0)
00:00:02.877161   MAC            <bytes>   = "08 00 27 96 82 31" (cb=6)
00:00:02.877164 
00:00:02.877165 [/Devices/virtio-net/0/LUN#0/] (level 4)
00:00:02.877167   Driver <string>  = "IntNet" (cb=7)
00:00:02.877169 
00:00:02.877169 [/Devices/virtio-net/0/LUN#0/Config/] (level 5)
00:00:02.877172   IfPolicyPromisc      <string>  = "deny" (cb=5)
00:00:02.877173   IgnoreConnectFailure <integer> = 0x0000000000000000 (0)
00:00:02.877175   Network              <string>  = "HostInterfaceNetworking-VirtualBox Host-Only Ethernet Adapter #2" (cb=65)
00:00:02.877177   Trunk                <string>  = "\DEVICE\{FD40F708-6D95-4BE4-9E3B-9EA7B0A27C67}" (cb=47)
00:00:02.877178   TrunkType            <integer> = 0x0000000000000003 (3)
00:00:02.877180 
00:00:02.877181 [/Devices/virtio-net/0/LUN#999/] (level 4)
00:00:02.877183   Driver <string>  = "MainStatus" (cb=11)
00:00:02.877184 
00:00:02.877185 [/Devices/virtio-net/0/LUN#999/Config/] (level 5)
00:00:02.877188   First   <integer> = 0x0000000000000000 (0)
00:00:02.877190   Last    <integer> = 0x0000000000000000 (0)
00:00:02.877191   papLeds <integer> = 0x0000000002298810 (36 276 240)
00:00:02.877193 
00:00:02.877193 [/Devices/virtio-net/1/] (level 3)
00:00:02.877195   PCIBusNo      <integer> = 0x0000000000000000 (0)
00:00:02.877196   PCIDeviceNo   <integer> = 0x0000000000000008 (8)
00:00:02.877198   PCIFunctionNo <integer> = 0x0000000000000000 (0)
00:00:02.877199   Trusted       <integer> = 0x0000000000000001 (1)
00:00:02.877200 
00:00:02.877200 [/Devices/virtio-net/1/Config/] (level 4)
00:00:02.877203   CableConnected <integer> = 0x0000000000000001 (1)
00:00:02.877204   LineSpeed      <integer> = 0x0000000000000000 (0)
00:00:02.877205   MAC            <bytes>   = "08 00 27 e8 9e 5e" (cb=6)
00:00:02.877207 
00:00:02.877208 [/Devices/virtio-net/1/LUN#0/] (level 4)
00:00:02.877210   Driver <string>  = "NAT" (cb=4)
00:00:02.877211 
00:00:02.877211 [/Devices/virtio-net/1/LUN#0/Config/] (level 5)
00:00:02.877214   AliasMode       <integer> = 0x0000000000000000 (0)
00:00:02.877215   BootFile        <string>  = "Samsung Galaxy S6 - 5.0.0 - API 21 - 1440x2560.pxe" (cb=51)
00:00:02.877217   DNSProxy        <integer> = 0x0000000000000000 (0)
00:00:02.877218   Network         <string>  = "10.0.3.0/24" (cb=12)
00:00:02.877219   PassDomain      <integer> = 0x0000000000000001 (1)
00:00:02.877221   TFTPPrefix      <string>  = "C:\Users\David/.VirtualBox\TFTP" (cb=32)
00:00:02.877222   UseHostResolver <integer> = 0x0000000000000000 (0)
00:00:02.877224 
00:00:02.877224 [/Devices/virtio-net/1/LUN#999/] (level 4)
00:00:02.877227   Driver <string>  = "MainStatus" (cb=11)
00:00:02.877228 
00:00:02.877228 [/Devices/virtio-net/1/LUN#999/Config/] (level 5)
00:00:02.877231   First   <integer> = 0x0000000000000000 (0)
00:00:02.877232   Last    <integer> = 0x0000000000000000 (0)
00:00:02.877234   papLeds <integer> = 0x0000000002298818 (36 276 248)
00:00:02.877235 
00:00:02.877236 [/EM/] (level 1)
00:00:02.877237   TripleFaultReset <integer> = 0x0000000000000000 (0)
00:00:02.877238 
00:00:02.877239 [/GIM/] (level 1)
00:00:02.877240   Provider <string>  = "None" (cb=5)
00:00:02.877241 
00:00:02.877242 [/HM/] (level 1)
00:00:02.877243   64bitEnabled       <integer> = 0x0000000000000001 (1)
00:00:02.877245   EnableLargePages   <integer> = 0x0000000000000000 (0)
00:00:02.877246   EnableNestedPaging <integer> = 0x0000000000000001 (1)
00:00:02.877248   EnableUX           <integer> = 0x0000000000000001 (1)
00:00:02.877249   EnableVPID         <integer> = 0x0000000000000001 (1)
00:00:02.877250   Exclusive          <integer> = 0x0000000000000000 (0)
00:00:02.877252   HMForced           <integer> = 0x0000000000000001 (1)
00:00:02.877253 
00:00:02.877254 [/MM/] (level 1)
00:00:02.877255   CanUseLargerHeap <integer> = 0x0000000000000000 (0)
00:00:02.877256 
00:00:02.877257 [/PDM/] (level 1)
00:00:02.877258 
00:00:02.877258 [/PDM/AsyncCompletion/] (level 2)
00:00:02.877260 
00:00:02.877260 [/PDM/AsyncCompletion/File/] (level 3)
00:00:02.877262 
00:00:02.877263 [/PDM/AsyncCompletion/File/BwGroups/] (level 4)
00:00:02.877265 
00:00:02.877266 [/PDM/BlkCache/] (level 2)
00:00:02.877267   CacheSize <integer> = 0x0000000000500000 (5 242 880, 5 MB)
00:00:02.877269 
00:00:02.877270 [/PDM/Devices/] (level 2)
00:00:02.877271 
00:00:02.877271 [/PDM/Drivers/] (level 2)
00:00:02.877273 
00:00:02.877274 [/PDM/Drivers/VBoxC/] (level 3)
00:00:02.877276   Path <string>  = "VBoxC" (cb=6)
00:00:02.877277 
00:00:02.877278 [/PDM/NetworkShaper/] (level 2)
00:00:02.877279 
00:00:02.877280 [/PDM/NetworkShaper/BwGroups/] (level 3)
00:00:02.877282 
00:00:02.877282 [/TM/] (level 1)
00:00:02.877283   UTCOffset <integer> = 0x0000000000000000 (0)
00:00:02.877285 
00:00:02.877285 [/USB/] (level 1)
00:00:02.877287 
00:00:02.877287 [/USB/USBProxy/] (level 2)
00:00:02.877289 
00:00:02.877289 [/USB/USBProxy/GlobalConfig/] (level 3)
00:00:02.877291 
00:00:02.877292 ********************* End of CFGM dump **********************
00:00:02.877335 VM: fHMEnabled=true  (configured) fRecompileUser=false fRecompileSupervisor=false
00:00:02.877338 VM: fRawRing1Enabled=false CSAM=true  PATM=true 
00:00:02.877753 HM: HMR3Init: AMD-V w/ nested paging
00:00:02.877951 MM: cbHyperHeap=0x140000 (1310720)
00:00:02.883980 CPUM: fXStateHostMask=0x7; initial: 0x7; host XCR0=0x7
00:00:02.890087 CPUM: Matched host CPU AMD 0x15/0x1/0x2 AMD_15h_Bulldozer with CPU DB entry 'AMD FX-8150 Eight-Core' (AMD 0x15/0x1/0x2 AMD_15h_Bulldozer)
00:00:02.890471 CPUM: MSR fudge: 0x00000017 IA32_PLATFORM_ID
00:00:02.890485 CPUM: MSR fudge: 0x000001a0 IA32_MISC_ENABLE
00:00:02.890497 CPUM: MSR fudge: 0x0000002c P4_EBC_FREQUENCY_ID
00:00:02.893104 PGM: HCPhysInterPD=00000000dfb99000 HCPhysInterPaePDPT=00000000dfb95000 HCPhysInterPaePML4=00000000dfb90000
00:00:02.893120 PGM: apInterPTs={00000000dfb98000,00000000dfb97000} apInterPaePTs={0000000079b04000,0000000029b85000} apInterPaePDs={0000000087306000,0000000191fc7000,000000009fc08000,00000001c6489000} pInterPaePDPT64=00000000dfb92000
00:00:02.893131 PGM: Host paging mode: AMD64+PGE+NX
00:00:02.893179 PGM: PGMPool: cMaxPages=1584 (u64MaxPages=1571)
00:00:02.893187 PGM: pgmR3PoolInit: cMaxPages=0x630 cMaxUsers=0xc60 cMaxPhysExts=0xc60 fCacheEnable=true 
00:00:02.939348 TM: GIP - u32Mode=3 (Invariant) u32UpdateHz=93 u32UpdateIntervalNS=10741500 enmUseTscDelta=2 (Pratically Zero) fGetGipCpu=0x1 cCpus=6
00:00:02.939409 TM: GIP - u64CpuHz=3 315 081 043 (0xc5981f53)  SUPGetCpuHzFromGip => 3 315 081 043
00:00:02.939421 TM: GIP - CPU: iCpuSet=0x0 idCpu=0x0 idApic=0x0 iGipCpu=0x2 i64TSCDelta=0 enmState=3 u64CpuHz=3315074762(*) cErrors=0
00:00:02.939432 TM: GIP - CPU: iCpuSet=0x1 idCpu=0x1 idApic=0x1 iGipCpu=0x3 i64TSCDelta=0 enmState=3 u64CpuHz=3315080139(*) cErrors=0
00:00:02.939443 TM: GIP - CPU: iCpuSet=0x2 idCpu=0x2 idApic=0x2 iGipCpu=0x0 i64TSCDelta=0 enmState=3 u64CpuHz=3315081043(*) cErrors=0
00:00:02.939453 TM: GIP - CPU: iCpuSet=0x3 idCpu=0x3 idApic=0x3 iGipCpu=0x4 i64TSCDelta=0 enmState=3 u64CpuHz=3315080224(*) cErrors=0
00:00:02.939463 TM: GIP - CPU: iCpuSet=0x4 idCpu=0x4 idApic=0x4 iGipCpu=0x1 i64TSCDelta=0 enmState=3 u64CpuHz=3315044757(*) cErrors=0
00:00:02.939474 TM: GIP - CPU: iCpuSet=0x5 idCpu=0x5 idApic=0x5 iGipCpu=0x5 i64TSCDelta=0 enmState=3 u64CpuHz=3315080579(*) cErrors=0
00:00:02.939598 TM: cTSCTicksPerSecond=3 315 081 043 (0xc5981f53) enmTSCMode=1 (VirtTscEmulated)
00:00:02.939600 TM: TSCTiedToExecution=false TSCNotTiedToHalt=false
00:00:02.940565 VMM: CoreCode: R3=0000000004e70000 R0=ffffd0013a18d000 RC=a0dd0000 Phys=00000000dfafc000 cb=0x1000
00:00:02.941961 GIM: Using provider 'None' (Implementation version: 0)
00:00:02.942179 AIOMgr: Default manager type is 'Async'
00:00:02.942190 AIOMgr: Default file backend is 'NonBuffered'
00:00:02.942619 BlkCache: Cache successfully initialized. Cache size is 5242880 bytes
00:00:02.942630 BlkCache: Cache commit interval is 10000 ms
00:00:02.942638 BlkCache: Cache commit threshold is 2621440 bytes
00:00:03.311691 PcBios: [SMP] BIOS with 4 CPUs
00:00:03.312537 PcBios: MPS table at 000e1300
00:00:03.349005 SUP: Loaded VBoxDDR0.r0 (C:\Program Files\Oracle\VirtualBox\VBoxDDR0.r0) at 0xfffff801889d1000 - ModuleInit at 0000000000000000 and ModuleTerm at 0000000000000000 using the native ring-0 loader
00:00:03.349026 SUP: windbg> .reload /f C:\Program Files\Oracle\VirtualBox\VBoxDDR0.r0=0xfffff801889d1000
00:00:03.368838 SUP: Loaded VBoxDD2R0.r0 (C:\Program Files\Oracle\VirtualBox\VBoxDD2R0.r0) at 0xfffff80188800000 - ModuleInit at 0000000000000000 and ModuleTerm at 0000000000000000 using the native ring-0 loader
00:00:03.368861 SUP: windbg> .reload /f C:\Program Files\Oracle\VirtualBox\VBoxDD2R0.r0=0xfffff80188800000
00:00:03.368930 APIC: Activating Local APIC
00:00:03.368973 CPUM: SetGuestCpuIdFeature: Enabled APIC
00:00:03.369742 PIT: mode=3 count=0x10000 (65536) - 18.20 Hz (ch=0)
00:00:03.382523 Shared Folders service loaded
00:00:03.408601 DrvBlock: Flushes will be ignored
00:00:03.408619 DrvBlock: Async flushes will be passed to the disk
00:00:03.409010 VD: VDInit finished
00:00:03.440507 VD: Opening the disk took 31789560 ns
00:00:03.440803 PIIX3 ATA: LUN#0: disk, PCHS=4223/16/63, total number of sectors 4256954
00:00:03.440829 DrvBlock: Flushes will be ignored
00:00:03.440836 DrvBlock: Async flushes will be passed to the disk
00:00:03.470616 VD: Opening the disk took 29755422 ns
00:00:03.470936 PIIX3 ATA: LUN#1: disk, PCHS=11461/16/63, total number of sectors 11552768
00:00:03.471039 DrvBlock: Flushes will be ignored
00:00:03.471047 DrvBlock: Async flushes will be passed to the disk
00:00:03.471680 VD: Opening the disk took 610852 ns
00:00:03.471919 PIIX3 ATA: LUN#2: disk, PCHS=16383/16/63, total number of sectors 67108864
00:00:03.471934 PIIX3 ATA: LUN#3: no unit
00:00:03.471998 PIIX3 ATA: Ctl#0: finished processing RESET
00:00:03.472028 PIIX3 ATA: Ctl#1: finished processing RESET
00:00:03.472357 IntNet#0: szNetwork={HostInterfaceNetworking-VirtualBox Host-Only Ethernet Adapter #2} enmTrunkType=3 szTrunk={\DEVICE\{FD40F708-6D95-4BE4-9E3B-9EA7B0A27C67}} fFlags=0x8000 cbRecv=325632 cbSend=196608 fIgnoreConnectFailure=false
00:00:03.506449 NAT: DNS#0: 8.8.8.8
00:00:03.506467 NAT: DNS#1: 8.8.4.4
00:00:03.507315 Audio: Initializing DirectSound audio driver
00:00:03.628117 DSound: Output: GUID: {E6517ADF-6993-4E16-9CE6-3C1FD7F251D2} [Speakers (High Definition Audio Device)] (Module: {0.0.0.00000000}.{e6517adf-6993-4e16-9ce6-3c1fd7f251d2})
00:00:03.633045 DSound: Output: GUID: {ED1EE865-B8A2-46BE-8D12-B19449ECBC7A} [Headphones (High Definition Audio Device)] (Module: {0.0.0.00000000}.{ed1ee865-b8a2-46be-8d12-b19449ecbc7a})
00:00:03.633076 DSound: Found 2 host playback devices
00:00:03.832841 DSound: Input: GUID: {EC1DA82B-2852-42E6-BC08-B0A7DDA3AC31} [Microphone (High Definition Audio Device)] (Module: {0.0.1.00000000}.{ec1da82b-2852-42e6-bc08-b0a7dda3ac31})
00:00:03.832876 DSound: Found 1 host capturing devices
00:00:03.832887 DSound: Adjusting the number of host capturing devices from 1 to 2
00:00:03.834357 Audio: Initializing VRDE driver
00:00:03.834832 DSound: Guest "Line In" is using host device with GUID: <GUID not found>
00:00:03.915937 DSound: Guest "Microphone In" is using host device with GUID: {EC1DA82B-2852-42E6-BC08-B0A7DDA3AC31}
00:00:03.924231 PcBios: ATA LUN#0 LCHS=527/128/63
00:00:03.924277 PcBios: ATA LUN#1 LCHS=719/255/63
00:00:03.950662 PcBios: ATA LUN#2 LCHS=1024/255/63
00:00:03.951086 PGM: The CPU physical address width is 48 bits
00:00:03.951099 PGM: PGMR3InitFinalize: 4 MB PSE mask 0000ffffffffffff
00:00:03.951274 TM: TMR3InitFinalize: fTSCModeSwitchAllowed=false
00:00:03.968277 VMM: Thread-context hooks unavailable
00:00:03.968749 HM: Using AMD-V implementation 2.0!
00:00:03.968750 HM: Max resume loops                  = 1024
00:00:03.968752 HM: CPUID 0x80000001.u32AMDFeatureECX = 0x1c9bfff
00:00:03.968754 HM: CPUID 0x80000001.u32AMDFeatureEDX = 0x2fd3fbff
00:00:03.968755 HM: AMD HWCR MSR                      = 0x1000011
00:00:03.968756 HM: AMD-V revision                    = 0x1
00:00:03.968757 HM: AMD-V max ASID                    = 65536
00:00:03.968758 HM: AMD-V features                    = 0x14ff
00:00:03.968759 HM:   AMD_CPUID_SVM_FEATURE_EDX_NESTED_PAGING
00:00:03.968760 HM:   AMD_CPUID_SVM_FEATURE_EDX_LBR_VIRT
00:00:03.968760 HM:   AMD_CPUID_SVM_FEATURE_EDX_SVM_LOCK
00:00:03.968761 HM:   AMD_CPUID_SVM_FEATURE_EDX_NRIP_SAVE
00:00:03.968762 HM:   AMD_CPUID_SVM_FEATURE_EDX_TSC_RATE_MSR
00:00:03.968762 HM:   AMD_CPUID_SVM_FEATURE_EDX_VMCB_CLEAN
00:00:03.968763 HM:   AMD_CPUID_SVM_FEATURE_EDX_FLUSH_BY_ASID
00:00:03.968763 HM:   AMD_CPUID_SVM_FEATURE_EDX_DECODE_ASSIST
00:00:03.968764 HM:   AMD_CPUID_SVM_FEATURE_EDX_PAUSE_FILTER
00:00:03.968765 HM:   AMD_CPUID_SVM_FEATURE_EDX_PAUSE_FILTER_THRESHOLD
00:00:03.968772 HM: AMD-V enabled!
00:00:03.968772 HM:   Nested paging enabled!
00:00:03.968776 CPUM: SetGuestCpuIdFeature: Enabled SYSENTER/EXIT
00:00:03.968777 CPUM: SetGuestCpuIdFeature: Enabled SYSCALL/RET
00:00:03.968777 CPUM: SetGuestCpuIdFeature: Enabled PAE
00:00:03.968778 CPUM: SetGuestCpuIdFeature: Enabled LONG MODE
00:00:03.968779 CPUM: SetGuestCpuIdFeature: Enabled NX
00:00:03.968779 CPUM: SetGuestCpuIdFeature: Enabled LAHF/SAHF
00:00:03.968780 HM: TPR patching disabled
00:00:03.968781 HM: Guest support: 32-bit and 64-bit
00:00:03.968805 HM: VT-x/AMD-V init method: LOCAL
00:00:03.968806 VMM: fUsePeriodicPreemptionTimers=false
00:00:03.968851 CPUM: Logical host processors: 6 present, 6 max, 6 online, online mask: 000000000000003f
00:00:03.969088 CPUM: Physical host cores: 3
00:00:03.969089 ************************* CPUID dump ************************
00:00:03.969133          Raw Standard CPUID Leaves
00:00:03.969133      Leaf/sub-leaf  eax      ebx      ecx      edx
00:00:03.969156 Gst: 00000000/0000  0000000d 68747541 444d4163 69746e65
00:00:03.969158 Hst:                0000000d 68747541 444d4163 69746e65
00:00:03.969160 Gst: 00000001/0000  00600f12 00040800 16982203 178bfbff
00:00:03.969161 Hst:                00600f12 03060800 1e98220b 178bfbff
00:00:03.969163 Gst: 00000002/0000  00000000 00000000 00000000 00000000
00:00:03.969164 Hst:                00000000 00000000 00000000 00000000
00:00:03.969165 Gst: 00000003/0000  00000000 00000000 00000000 00000000
00:00:03.969166 Hst:                00000000 00000000 00000000 00000000
00:00:03.969167 Gst: 00000004/0000  00000000 00000000 00000000 00000000
00:00:03.969168 Hst:                00000000 00000000 00000000 00000000
00:00:03.969169 Gst: 00000005/0000  00000000 00000000 00000000 00000000
00:00:03.969170 Hst:                00000040 00000040 00000003 00000000
00:00:03.969171 Gst: 00000006/0000  00000000 00000000 00000000 00000000
00:00:03.969172 Hst:                00000000 00000000 00000001 00000000
00:00:03.969173 Gst: 00000007/0000  00000000 00000000 00000000 00000000
00:00:03.969174 Hst:                00000000 00000000 00000000 00000000
00:00:03.969175 Gst: 00000008/0000  00000000 00000000 00000000 00000000
00:00:03.969176 Hst:                00000000 00000000 00000000 00000000
00:00:03.969177 Gst: 00000009/0000  00000000 00000000 00000000 00000000
00:00:03.969178 Hst:                00000000 00000000 00000000 00000000
00:00:03.969179 Gst: 0000000a/0000  00000000 00000000 00000000 00000000
00:00:03.969180 Hst:                00000000 00000000 00000000 00000000
00:00:03.969181 Gst: 0000000b/0000  00000000 00000000 00000000 00000000
00:00:03.969182 Hst:                00000000 00000000 00000000 00000000
00:00:03.969183 Gst: 0000000c/0000  00000000 00000000 00000000 00000000
00:00:03.969184 Hst:                00000000 00000000 00000000 00000000
00:00:03.969185 Gst: 0000000d/0000  00000007 00000340 000003c0 00000000
00:00:03.969186 Hst:                00000007 00000340 000003c0 40000000
00:00:03.969187 Gst: 0000000d/0001  00000000 00000000 00000000 00000000
00:00:03.969188 Hst:                00000000 00000000 00000000 00000000
00:00:03.969189 Gst: 0000000d/0002  00000100 00000240 00000000 00000000
00:00:03.969190 Hst:                00000100 00000240 00000000 00000000
00:00:03.969191 Gst: 0000000d/0003  00000000 00000000 00000000 00000000
00:00:03.969192 Hst:                00000000 00000000 00000000 00000000
00:00:03.969193 Gst: 0000000d/0004  00000000 00000000 00000000 00000000
00:00:03.969194 Hst:                00000000 00000000 00000000 00000000
00:00:03.969195 Gst: 0000000d/0005  00000000 00000000 00000000 00000000
00:00:03.969196 Hst:                00000000 00000000 00000000 00000000
00:00:03.969197 Gst: 0000000d/0006  00000000 00000000 00000000 00000000
00:00:03.969198 Hst:                00000000 00000000 00000000 00000000
00:00:03.969198 Gst: 0000000d/0007  00000000 00000000 00000000 00000000
00:00:03.969199 Hst:                00000000 00000000 00000000 00000000
00:00:03.969200 Gst: 0000000d/0008  00000000 00000000 00000000 00000000
00:00:03.969201 Hst:                00000000 00000000 00000000 00000000
00:00:03.969202 Gst: 0000000d/0009  00000000 00000000 00000000 00000000
00:00:03.969203 Hst:                00000000 00000000 00000000 00000000
00:00:03.969204 Gst: 0000000d/000a  00000000 00000000 00000000 00000000
00:00:03.969205 Hst:                00000000 00000000 00000000 00000000
00:00:03.969206 Gst: 0000000d/000b  00000000 00000000 00000000 00000000
00:00:03.969207 Hst:                00000000 00000000 00000000 00000000
00:00:03.969208 Gst: 0000000d/000c  00000000 00000000 00000000 00000000
00:00:03.969209 Hst:                00000000 00000000 00000000 00000000
00:00:03.969210 Gst: 0000000d/000d  00000000 00000000 00000000 00000000
00:00:03.969211 Hst:                00000000 00000000 00000000 00000000
00:00:03.969212 Gst: 0000000d/000e  00000000 00000000 00000000 00000000
00:00:03.969213 Hst:                00000000 00000000 00000000 00000000
00:00:03.969213 Gst: 0000000d/000f  00000000 00000000 00000000 00000000
00:00:03.969214 Hst:                00000000 00000000 00000000 00000000
00:00:03.969215 Gst: 0000000d/0010  00000000 00000000 00000000 00000000
00:00:03.969216 Hst:                00000000 00000000 00000000 00000000
00:00:03.969217 Gst: 0000000d/0011  00000000 00000000 00000000 00000000
00:00:03.969218 Hst:                00000000 00000000 00000000 00000000
00:00:03.969219 Gst: 0000000d/0012  00000000 00000000 00000000 00000000
00:00:03.969220 Hst:                00000000 00000000 00000000 00000000
00:00:03.969221 Gst: 0000000d/0013  00000000 00000000 00000000 00000000
00:00:03.969222 Hst:                00000000 00000000 00000000 00000000
00:00:03.969223 Gst: 0000000d/0014  00000000 00000000 00000000 00000000
00:00:03.969224 Hst:                00000000 00000000 00000000 00000000
00:00:03.969225 Gst: 0000000d/0015  00000000 00000000 00000000 00000000
00:00:03.969226 Hst:                00000000 00000000 00000000 00000000
00:00:03.969227 Gst: 0000000d/0016  00000000 00000000 00000000 00000000
00:00:03.969228 Hst:                00000000 00000000 00000000 00000000
00:00:03.969229 Gst: 0000000d/0017  00000000 00000000 00000000 00000000
00:00:03.969230 Hst:                00000000 00000000 00000000 00000000
00:00:03.969231 Gst: 0000000d/0018  00000000 00000000 00000000 00000000
00:00:03.969231 Hst:                00000000 00000000 00000000 00000000
00:00:03.969232 Gst: 0000000d/0019  00000000 00000000 00000000 00000000
00:00:03.969233 Hst:                00000000 00000000 00000000 00000000
00:00:03.969234 Gst: 0000000d/001a  00000000 00000000 00000000 00000000
00:00:03.969235 Hst:                00000000 00000000 00000000 00000000
00:00:03.969236 Gst: 0000000d/001b  00000000 00000000 00000000 00000000
00:00:03.969237 Hst:                00000000 00000000 00000000 00000000
00:00:03.969238 Gst: 0000000d/001c  00000000 00000000 00000000 00000000
00:00:03.969239 Hst:                00000000 00000000 00000000 00000000
00:00:03.969240 Gst: 0000000d/001d  00000000 00000000 00000000 00000000
00:00:03.969241 Hst:                00000000 00000000 00000000 00000000
00:00:03.969242 Gst: 0000000d/001e  00000000 00000000 00000000 00000000
00:00:03.969243 Hst:                00000000 00000000 00000000 00000000
00:00:03.969244 Gst: 0000000d/001f  00000000 00000000 00000000 00000000
00:00:03.969245 Hst:                00000000 00000000 00000000 00000000
00:00:03.969246 Gst: 0000000d/0020  00000000 00000000 00000000 00000000
00:00:03.969246 Hst:                00000000 00000000 00000000 00000000
00:00:03.969247 Gst: 0000000d/0021  00000000 00000000 00000000 00000000
00:00:03.969248 Hst:                00000000 00000000 00000000 00000000
00:00:03.969249 Gst: 0000000d/0022  00000000 00000000 00000000 00000000
00:00:03.969250 Hst:                00000000 00000000 00000000 00000000
00:00:03.969251 Gst: 0000000d/0023  00000000 00000000 00000000 00000000
00:00:03.969252 Hst:                00000000 00000000 00000000 00000000
00:00:03.969253 Gst: 0000000d/0024  00000000 00000000 00000000 00000000
00:00:03.969254 Hst:                00000000 00000000 00000000 00000000
00:00:03.969255 Gst: 0000000d/0025  00000000 00000000 00000000 00000000
00:00:03.969256 Hst:                00000000 00000000 00000000 00000000
00:00:03.969257 Gst: 0000000d/0026  00000000 00000000 00000000 00000000
00:00:03.969258 Hst:                00000000 00000000 00000000 00000000
00:00:03.969259 Gst: 0000000d/0027  00000000 00000000 00000000 00000000
00:00:03.969260 Hst:                00000000 00000000 00000000 00000000
00:00:03.969261 Gst: 0000000d/0028  00000000 00000000 00000000 00000000
00:00:03.969262 Hst:                00000000 00000000 00000000 00000000
00:00:03.969262 Gst: 0000000d/0029  00000000 00000000 00000000 00000000
00:00:03.969263 Hst:                00000000 00000000 00000000 00000000
00:00:03.969264 Gst: 0000000d/002a  00000000 00000000 00000000 00000000
00:00:03.969265 Hst:                00000000 00000000 00000000 00000000
00:00:03.969266 Gst: 0000000d/002b  00000000 00000000 00000000 00000000
00:00:03.969267 Hst:                00000000 00000000 00000000 00000000
00:00:03.969268 Gst: 0000000d/002c  00000000 00000000 00000000 00000000
00:00:03.969269 Hst:                00000000 00000000 00000000 00000000
00:00:03.969270 Gst: 0000000d/002d  00000000 00000000 00000000 00000000
00:00:03.969271 Hst:                00000000 00000000 00000000 00000000
00:00:03.969272 Gst: 0000000d/002e  00000000 00000000 00000000 00000000
00:00:03.969273 Hst:                00000000 00000000 00000000 00000000
00:00:03.969274 Gst: 0000000d/002f  00000000 00000000 00000000 00000000
00:00:03.969275 Hst:                00000000 00000000 00000000 00000000
00:00:03.969276 Gst: 0000000d/0030  00000000 00000000 00000000 00000000
00:00:03.969277 Hst:                00000000 00000000 00000000 00000000
00:00:03.969278 Gst: 0000000d/0031  00000000 00000000 00000000 00000000
00:00:03.969278 Hst:                00000000 00000000 00000000 00000000
00:00:03.969279 Gst: 0000000d/0032  00000000 00000000 00000000 00000000
00:00:03.969280 Hst:                00000000 00000000 00000000 00000000
00:00:03.969281 Gst: 0000000d/0033  00000000 00000000 00000000 00000000
00:00:03.969282 Hst:                00000000 00000000 00000000 00000000
00:00:03.969283 Gst: 0000000d/0034  00000000 00000000 00000000 00000000
00:00:03.969284 Hst:                00000000 00000000 00000000 00000000
00:00:03.969285 Gst: 0000000d/0035  00000000 00000000 00000000 00000000
00:00:03.969286 Hst:                00000000 00000000 00000000 00000000
00:00:03.969287 Gst: 0000000d/0036  00000000 00000000 00000000 00000000
00:00:03.969288 Hst:                00000000 00000000 00000000 00000000
00:00:03.969289 Gst: 0000000d/0037  00000000 00000000 00000000 00000000
00:00:03.969290 Hst:                00000000 00000000 00000000 00000000
00:00:03.969291 Gst: 0000000d/0038  00000000 00000000 00000000 00000000
00:00:03.969292 Hst:                00000000 00000000 00000000 00000000
00:00:03.969293 Gst: 0000000d/0039  00000000 00000000 00000000 00000000
00:00:03.969293 Hst:                00000000 00000000 00000000 00000000
00:00:03.969294 Gst: 0000000d/003a  00000000 00000000 00000000 00000000
00:00:03.969295 Hst:                00000000 00000000 00000000 00000000
00:00:03.969296 Gst: 0000000d/003b  00000000 00000000 00000000 00000000
00:00:03.969297 Hst:                00000000 00000000 00000000 00000000
00:00:03.969298 Gst: 0000000d/003c  00000000 00000000 00000000 00000000
00:00:03.969299 Hst:                00000000 00000000 00000000 00000000
00:00:03.969300 Gst: 0000000d/003d  00000000 00000000 00000000 00000000
00:00:03.969301 Hst:                00000000 00000000 00000000 00000000
00:00:03.969302 Gst: 0000000d/003e  00000000 00000000 00000000 00000000
00:00:03.969303 Hst:                00000080 00000340 00000000 00000000
00:00:03.969304 Gst: 0000000d/003f  00000000 00000000 00000000 00000000
00:00:03.969305 Hst:                00000000 00000000 00000000 00000000
00:00:03.969306 Gst: 0000000d/0040  00000000 00000000 00000000 00000000
00:00:03.969307 Hst:                00000000 00000000 00000000 00000000
00:00:03.969311                                Name: AuthenticAMD
00:00:03.969313                            Supports: 0x00000000-0x0000000d
00:00:03.969335                              Family: 15 	Extended: 6 	Effective: 21
00:00:03.969337                               Model:  1 	Extended: 0 	Effective: 1
00:00:03.969338                            Stepping: 2
00:00:03.969339                                Type: 0 (primary)
00:00:03.969341                             APIC ID: 0x00
00:00:03.969342                        Logical CPUs: 4
00:00:03.969343                        CLFLUSH Size: 8
00:00:03.969344                            Brand ID: 0x00
00:00:03.969345 Features
00:00:03.969345   Mnemonic - Description                                  = guest (host)
00:00:03.969369   FPU - x87 FPU on Chip                                   = 1 (1)
00:00:03.969372   VME - Virtual 8086 Mode Enhancements                    = 1 (1)
00:00:03.969373   DE - Debugging extensions                               = 1 (1)
00:00:03.969374   PSE - Page Size Extension                               = 1 (1)
00:00:03.969376   TSC - Time Stamp Counter                                = 1 (1)
00:00:03.969377   MSR - Model Specific Registers                          = 1 (1)
00:00:03.969379   PAE - Physical Address Extension                        = 1 (1)
00:00:03.969380   MCE - Machine Check Exception                           = 1 (1)
00:00:03.969381   CX8 - CMPXCHG8B instruction                             = 1 (1)
00:00:03.969382   APIC - APIC On-Chip                                     = 1 (1)
00:00:03.969384   SEP - SYSENTER and SYSEXIT Present                      = 1 (1)
00:00:03.969385   MTRR - Memory Type Range Registers                      = 1 (1)
00:00:03.969386   PGE - PTE Global Bit                                    = 1 (1)
00:00:03.969388   MCA - Machine Check Architecture                        = 1 (1)
00:00:03.969389   CMOV - Conditional Move instructions                    = 1 (1)
00:00:03.969390   PAT - Page Attribute Table                              = 1 (1)
00:00:03.969391   PSE-36 - 36-bit Page Size Extension                     = 1 (1)
00:00:03.969393   PSN - Processor Serial Number                           = 0 (0)
00:00:03.969394   CLFSH - CLFLUSH instruction                             = 1 (1)
00:00:03.969395   DS - Debug Store                                        = 0 (0)
00:00:03.969397   ACPI - Thermal Mon. & Soft. Clock Ctrl.                 = 0 (0)
00:00:03.969398   MMX - Intel MMX Technology                              = 1 (1)
00:00:03.969399   FXSR - FXSAVE and FXRSTOR instructions                  = 1 (1)
00:00:03.969400   SSE - SSE support                                       = 1 (1)
00:00:03.969402   SSE2 - SSE2 support                                     = 1 (1)
00:00:03.969403   SS - Self Snoop                                         = 0 (0)
00:00:03.969405   HTT - Hyper-Threading Technology                        = 1 (1)
00:00:03.969406   TM - Therm. Monitor                                     = 0 (0)
00:00:03.969407   PBE - Pending Break Enabled                             = 0 (0)
00:00:03.969409   SSE3 - SSE3 support                                     = 1 (1)
00:00:03.969410   PCLMUL - PCLMULQDQ support (for AES-GCM)                = 1 (1)
00:00:03.969411   DTES64 - DS Area 64-bit Layout                          = 0 (0)
00:00:03.969412   MONITOR - MONITOR/MWAIT instructions                    = 0 (1)
00:00:03.969414   CPL-DS - CPL Qualified Debug Store                      = 0 (0)
00:00:03.969415   VMX - Virtual Machine Extensions                        = 0 (0)
00:00:03.969416   SMX - Safer Mode Extensions                             = 0 (0)
00:00:03.969418   EST - Enhanced SpeedStep Technology                     = 0 (0)
00:00:03.969419   TM2 - Terminal Monitor 2                                = 0 (0)
00:00:03.969420   SSSE3 - Supplemental Streaming SIMD Extensions 3        = 1 (1)
00:00:03.969421   CNTX-ID - L1 Context ID                                 = 0 (0)
00:00:03.969422   SDBG - Silicon Debug interface                          = 0 (0)
00:00:03.969424   FMA - Fused Multiply Add extensions                     = 0 (0)
00:00:03.969425   CX16 - CMPXCHG16B instruction                           = 1 (1)
00:00:03.969426   TPRUPDATE - xTPR Update Control                         = 0 (0)
00:00:03.969428   PDCM - Perf/Debug Capability MSR                        = 0 (0)
00:00:03.969429   PCID - Process Context Identifiers                      = 0 (0)
00:00:03.969430   DCA - Direct Cache Access                               = 0 (0)
00:00:03.969431   SSE4_1 - SSE4_1 support                                 = 1 (1)
00:00:03.969433   SSE4_2 - SSE4_2 support                                 = 1 (1)
00:00:03.969434   X2APIC - x2APIC support                                 = 0 (0)
00:00:03.969435   MOVBE - MOVBE instruction                               = 0 (0)
00:00:03.969437   POPCNT - POPCNT instruction                             = 1 (1)
00:00:03.969438   TSCDEADL - Time Stamp Counter Deadline                  = 0 (0)
00:00:03.969439   AES - AES instructions                                  = 1 (1)
00:00:03.969441   XSAVE - XSAVE instruction                               = 1 (1)
00:00:03.969442   OSXSAVE - OSXSAVE instruction                           = 0 (1)
00:00:03.969443   AVX - AVX support                                       = 1 (1)
00:00:03.969445   F16C - 16-bit floating point conversion instructions    = 0 (0)
00:00:03.969446   RDRAND - RDRAND instruction                             = 0 (0)
00:00:03.969447   HVP - Hypervisor Present (we're a guest)                = 0 (0)
00:00:03.969448 Structured Extended Feature Flags Enumeration (leaf 7):
00:00:03.969449   Mnemonic - Description                                  = guest (host)
00:00:03.969450   FSGSBASE - RDFSBASE/RDGSBASE/WRFSBASE/WRGSBASE instr.   = 0 (0)
00:00:03.969451   TSCADJUST - Supports MSR_IA32_TSC_ADJUST                = 0 (0)
00:00:03.969452   BMI1 - Advanced Bit Manipulation extension 1            = 0 (0)
00:00:03.969453   HLE - Hardware Lock Elision                             = 0 (0)
00:00:03.969454   AVX2 - Advanced Vector Extensions 2                     = 0 (0)
00:00:03.969455   SMEP - Supervisor Mode Execution Prevention             = 0 (0)
00:00:03.969456   BMI2 - Advanced Bit Manipulation extension 2            = 0 (0)
00:00:03.969458   ERMS - Enhanced REP MOVSB/STOSB instructions            = 0 (0)
00:00:03.969459   INVPCID - INVPCID instruction                           = 0 (0)
00:00:03.969460   RTM - Restricted Transactional Memory                   = 0 (0)
00:00:03.969461   PQM - Platform Quality of Service Monitoring            = 0 (0)
00:00:03.969462   DEPFPU_CS_DS - Deprecates FPU CS, FPU DS values if set  = 0 (0)
00:00:03.969463   MPE - Intel Memory Protection Extensions                = 0 (0)
00:00:03.969464   PQE - Platform Quality of Service Enforcement           = 0 (0)
00:00:03.969465   AVX512F - AVX512 Foundation instructions                = 0 (0)
00:00:03.969467   RDSEED - RDSEED instruction                             = 0 (0)
00:00:03.969468   ADX - ADCX/ADOX instructions                            = 0 (0)
00:00:03.969469   SMAP - Supervisor Mode Access Prevention                = 0 (0)
00:00:03.969470   CLFLUSHOPT - CLFLUSHOPT (Cache Line Flush) instruction  = 0 (0)
00:00:03.969471   INTEL_PT - Intel Processor Trace                        = 0 (0)
00:00:03.969473   AVX512PF - AVX512 Prefetch instructions                 = 0 (0)
00:00:03.969474   AVX512ER - AVX512 Exponential & Reciprocal instructions = 0 (0)
00:00:03.969475   AVX512CD - AVX512 Conflict Detection instructions       = 0 (0)
00:00:03.969476   SHA - Secure Hash Algorithm extensions                  = 0 (0)
00:00:03.969477   PREFETCHWT1 - PREFETCHWT1 instruction                   = 0 (0)
00:00:03.969478   PKU - Protection Key for Usermode pages                 = 0 (0)
00:00:03.969480   OSPKU - CR4.PKU mirror                                  = 0 (0)
00:00:03.969481 Processor Extended State Enumeration (leaf 0xd):
00:00:03.969482    XSAVE area cur/max size by XCR0, guest: 0x340/0x3c0
00:00:03.969483     XSAVE area cur/max size by XCR0, host: 0x340/0x3c0
00:00:03.969484                    Valid XCR0 bits, guest: 0x00000000`00000007 ( x87 SSE YMM_Hi128 )
00:00:03.969486                     Valid XCR0 bits, host: 0x40000000`00000007 ( x87 SSE YMM_Hi128 LWP )
00:00:03.969489                     XSAVE features, guest:
00:00:03.969491                      XSAVE features, host:
00:00:03.969492       XSAVE area cur size XCR0|XSS, guest: 0x0
00:00:03.969493        XSAVE area cur size XCR0|XSS, host: 0x0
00:00:03.969494                Valid IA32_XSS bits, guest: 0x00000000`00000000
00:00:03.969495                 Valid IA32_XSS bits, host: 0x00000000`00000000
00:00:03.969496   State #2, guest: off=0x0240, cb=0x0100 IA32_XSS-bit -- YMM_Hi128
00:00:03.969498   State #2, host:  off=0x0240, cb=0x0100 IA32_XSS-bit -- YMM_Hi128
00:00:03.969503   State #62, host:  off=0x0340, cb=0x0080 IA32_XSS-bit -- LWP
00:00:03.969505          Raw Hypervisor CPUID Leaves
00:00:03.969505      Leaf/sub-leaf  eax      ebx      ecx      edx
00:00:03.969506 Gst: 40000000/0000  40000001 786f4256 786f4256 786f4256
00:00:03.969508 Hst:                00000000 00000000 00000000 00000000
00:00:03.969509 Gst: 40000001/0000  656e6f6e 00000000 00000000 00000000
00:00:03.969510 Hst:                00000000 00000000 00000000 00000000
00:00:03.969511          Raw Extended CPUID Leaves
00:00:03.969512      Leaf/sub-leaf  eax      ebx      ecx      edx
00:00:03.969512 Gst: 80000000/0000  8000001e 68747541 444d4163 69746e65
00:00:03.969514 Hst:                8000001e 68747541 444d4163 69746e65
00:00:03.969516 Gst: 80000001/0000  00600f12 10000000 000001f3 2bd3fb7f
00:00:03.969517 Hst:                00600f12 10000000 01c9bfff 2fd3fbff
00:00:03.969519 Gst: 80000002/0000  20444d41 74285846 362d296d 20303031
00:00:03.969521 Hst:                20444d41 74285846 362d296d 20303031
00:00:03.969522 Gst: 80000003/0000  2d786953 65726f43 6f725020 73736563
00:00:03.969524 Hst:                2d786953 65726f43 6f725020 73736563
00:00:03.969525 Gst: 80000004/0000  2020726f 20202020 20202020 00202020
00:00:03.969527 Hst:                2020726f 20202020 20202020 00202020
00:00:03.969528 Gst: 80000005/0000  ff20ff18 ff20ff30 10040140 40020140
00:00:03.969530 Hst:                ff20ff18 ff20ff30 10040140 40020140
00:00:03.969531 Gst: 80000006/0000  64000000 64004200 08008140 0040c140
00:00:03.969533 Hst:                64000000 64004200 08008140 0040c140
00:00:03.969534 Gst: 80000007/0000  00000000 00000000 00000000 00000000
00:00:03.969536 Hst:                00000000 00000000 00000000 000003d9
00:00:03.969537 Gst: 80000008/0000  00003030 00000000 00000003 00000000
00:00:03.969538 Hst:                00003030 00000000 00004005 00000000
00:00:03.969539 Gst: 80000009/0000  00000000 00000000 00000000 00000000
00:00:03.969540 Hst:                00000000 00000000 00000000 00000000
00:00:03.969541 Gst: 8000000a/0000  00000000 00000000 00000000 00000000
00:00:03.969542 Hst:                00000001 00010000 00000000 000014ff
00:00:03.969543 Gst: 8000000b/0000  00000000 00000000 00000000 00000000
00:00:03.969544 Hst:                00000000 00000000 00000000 00000000
00:00:03.969545 Gst: 8000000c/0000  00000000 00000000 00000000 00000000
00:00:03.969546 Hst:                00000000 00000000 00000000 00000000
00:00:03.969547 Gst: 8000000d/0000  00000000 00000000 00000000 00000000
00:00:03.969548 Hst:                00000000 00000000 00000000 00000000
00:00:03.969549 Gst: 8000000e/0000  00000000 00000000 00000000 00000000
00:00:03.969550 Hst:                00000000 00000000 00000000 00000000
00:00:03.969551 Gst: 8000000f/0000  00000000 00000000 00000000 00000000
00:00:03.969552 Hst:                00000000 00000000 00000000 00000000
00:00:03.969553 Gst: 80000010/0000  00000000 00000000 00000000 00000000
00:00:03.969554 Hst:                00000000 00000000 00000000 00000000
00:00:03.969555 Gst: 80000011/0000  00000000 00000000 00000000 00000000
00:00:03.969557 Hst:                00000000 00000000 00000000 00000000
00:00:03.969557 Gst: 80000012/0000  00000000 00000000 00000000 00000000
00:00:03.969559 Hst:                00000000 00000000 00000000 00000000
00:00:03.969559 Gst: 80000013/0000  00000000 00000000 00000000 00000000
00:00:03.969561 Hst:                00000000 00000000 00000000 00000000
00:00:03.969561 Gst: 80000014/0000  00000000 00000000 00000000 00000000
00:00:03.969563 Hst:                00000000 00000000 00000000 00000000
00:00:03.969563 Gst: 80000015/0000  00000000 00000000 00000000 00000000
00:00:03.969565 Hst:                00000000 00000000 00000000 00000000
00:00:03.969566 Gst: 80000016/0000  00000000 00000000 00000000 00000000
00:00:03.969567 Hst:                00000000 00000000 00000000 00000000
00:00:03.969568 Gst: 80000017/0000  00000000 00000000 00000000 00000000
00:00:03.969569 Hst:                00000000 00000000 00000000 00000000
00:00:03.969570 Gst: 80000018/0000  00000000 00000000 00000000 00000000
00:00:03.969571 Hst:                00000000 00000000 00000000 00000000
00:00:03.969572 Gst: 80000019/0000  f020f018 64000000 00000000 00000000
00:00:03.969573 Hst:                f020f018 64000000 00000000 00000000
00:00:03.969574 Gst: 8000001a/0000  00000003 00000000 00000000 00000000
00:00:03.969575 Hst:                00000003 00000000 00000000 00000000
00:00:03.969576 Gst: 8000001b/0000  00000000 00000000 00000000 00000000
00:00:03.969577 Hst:                000000ff 00000000 00000000 00000000
00:00:03.969578 Gst: 8000001c/0000  00000000 00000000 00000000 00000000
00:00:03.969580 Hst:                00000000 80032013 00010200 8000000f
00:00:03.969583 Gst: 8000001d/0000  00000121 00c0003f 0000003f 00000000
00:00:03.969585 Hst:                00000121 00c0003f 0000003f 00000000
00:00:03.969586 Gst: 8000001d/0001  00004122 0040003f 000001ff 00000000
00:00:03.969587 Hst:                00004122 0040003f 000001ff 00000000
00:00:03.969588 Gst: 8000001d/0002  00004143 03c0003f 000007ff 00000001
00:00:03.969590 Hst:                00004143 03c0003f 000007ff 00000001
00:00:03.969591 Gst: 8000001d/0003  0000c163 0fc0003f 000007ff 00000001
00:00:03.969592 Hst:                00014163 0fc0003f 000007ff 00000001
00:00:03.969601 Gst: 8000001d/0004  00000000 00000000 00000000 00000000
00:00:03.969603 Hst:                00000000 00000000 00000000 00000000
00:00:03.969604 Gst: 8000001e/0000  00000000 00000300 00000000 00000000
00:00:03.969605 Hst:                00000013 00000101 00000000 00000000
00:00:03.969606 Ext Name:                        AuthenticAMD
00:00:03.969607 Ext Supports:                    0x80000000-0x8000001e
00:00:03.969608 Family:                          15  	Extended: 6 	Effective: 21
00:00:03.969610 Model:                           1  	Extended: 0 	Effective: 1
00:00:03.969610 Stepping:                        2
00:00:03.969611 Brand ID:                        0x000
00:00:03.969612 Ext Features
00:00:03.969612   Mnemonic - Description                                  = guest (host)
00:00:03.969613   FPU - x87 FPU on Chip                                   = 1 (1)
00:00:03.969614   VME - Virtual 8086 Mode Enhancements                    = 1 (1)
00:00:03.969616   DE - Debugging extensions                               = 1 (1)
00:00:03.969617   PSE - Page Size Extension                               = 1 (1)
00:00:03.969618   TSC - Time Stamp Counter                                = 1 (1)
00:00:03.969620   MSR - K86 Model Specific Registers                      = 1 (1)
00:00:03.969621   PAE - Physical Address Extension                        = 1 (1)
00:00:03.969622   MCE - Machine Check Exception                           = 0 (1)
00:00:03.969623   CX8 - CMPXCHG8B instruction                             = 1 (1)
00:00:03.969625   APIC - APIC On-Chip                                     = 1 (1)
00:00:03.969626   SEP - SYSCALL/SYSRET                                    = 1 (1)
00:00:03.969628   MTRR - Memory Type Range Registers                      = 1 (1)
00:00:03.969629   PGE - PTE Global Bit                                    = 1 (1)
00:00:03.969630   MCA - Machine Check Architecture                        = 1 (1)
00:00:03.969631   CMOV - Conditional Move instructions                    = 1 (1)
00:00:03.969633   PAT - Page Attribute Table                              = 1 (1)
00:00:03.969634   PSE-36 - 36-bit Page Size Extension                     = 1 (1)
00:00:03.969635   NX - No-Execute/Execute-Disable                         = 1 (1)
00:00:03.969636   AXMMX - AMD Extensions to MMX instructions              = 1 (1)
00:00:03.969638   MMX - Intel MMX Technology                              = 1 (1)
00:00:03.969639   FXSR - FXSAVE and FXRSTOR Instructions                  = 1 (1)
00:00:03.969640   FFXSR - AMD fast FXSAVE and FXRSTOR instructions        = 1 (1)
00:00:03.969641   Page1GB - 1 GB large page                               = 0 (1)
00:00:03.969642   RDTSCP - RDTSCP instruction                             = 1 (1)
00:00:03.969644   LM - AMD64 Long Mode                                    = 1 (1)
00:00:03.969645   3DNOWEXT - AMD Extensions to 3DNow                      = 0 (0)
00:00:03.969646   3DNOW - AMD 3DNow                                       = 0 (0)
00:00:03.969648   LahfSahf - LAHF/SAHF support in 64-bit mode             = 1 (1)
00:00:03.969649   CmpLegacy - Core multi-processing legacy mode           = 1 (1)
00:00:03.969650   SVM - AMD VM extensions                                 = 0 (1)
00:00:03.969652   EXTAPIC - AMD Extended APIC registers                   = 0 (1)
00:00:03.969653   CR8L - AMD LOCK MOV CR0 means MOV CR8                   = 1 (1)
00:00:03.969654   ABM - AMD Advanced Bit Manipulation                     = 1 (1)
00:00:03.969655   SSE4A - SSE4A instructions                              = 1 (1)
00:00:03.969656   MISALIGNSSE - AMD Misaligned SSE mode                   = 1 (1)
00:00:03.969658   3DNOWPRF - AMD PREFETCH and PREFETCHW instructions      = 1 (1)
00:00:03.969659   OSVW - AMD OS Visible Workaround                        = 0 (1)
00:00:03.969660   IBS - Instruct Based Sampling                           = 0 (1)
00:00:03.969661   XOP - Extended Operation support                        = 0 (1)
00:00:03.969662   SKINIT - SKINIT, STGI, and DEV support                  = 0 (1)
00:00:03.969664   WDT - AMD Watchdog Timer support                        = 0 (1)
00:00:03.969665   LWP - Lightweight Profiling support                     = 0 (1)
00:00:03.969666   FMA4 - Four operand FMA instruction support             = 0 (1)
00:00:03.969667   NodeId - NodeId in MSR C001_100C                        = 0 (1)
00:00:03.969668   TBM - Trailing Bit Manipulation instructions            = 0 (0)
00:00:03.969669   TOPOEXT - Topology Extensions                           = 0 (1)
00:00:03.969671   23 - Reserved                                           = 0 (1)
00:00:03.969672   24 - Reserved                                           = 0 (1)
00:00:03.969674 Full Name:                       "AMD FX(tm)-6100 Six-Core Processor             "
00:00:03.969675 TLB 2/4M Instr/Uni:              fully  24 entries
00:00:03.969676 TLB 2/4M Data:                   fully  32 entries
00:00:03.969677 TLB 4K Instr/Uni:                fully  48 entries
00:00:03.969678 TLB 4K Data:                     fully  32 entries
00:00:03.969679 L1 Instr Cache Line Size:        64 bytes
00:00:03.969680 L1 Instr Cache Lines Per Tag:    1
00:00:03.969680 L1 Instr Cache Associativity:    2 way
00:00:03.969681 L1 Instr Cache Size:             64 KB
00:00:03.969682 L1 Data Cache Line Size:         64 bytes
00:00:03.969682 L1 Data Cache Lines Per Tag:     1
00:00:03.969683 L1 Data Cache Associativity:     4 way
00:00:03.969683 L1 Data Cache Size:              16 KB
00:00:03.969684 L2 TLB 2/4M Instr/Uni:           off       0 entries
00:00:03.969685 L2 TLB 2/4M Data:                8 way  1024 entries
00:00:03.969686 L2 TLB 4K Instr/Uni:             4 way   512 entries
00:00:03.969686 L2 TLB 4K Data:                  8 way  1024 entries
00:00:03.969687 L2 Cache Line Size:              64 bytes
00:00:03.969688 L2 Cache Lines Per Tag:          1
00:00:03.969688 L2 Cache Associativity:          res12 
00:00:03.969689 L2 Cache Size:                   64 KB
00:00:03.969690 APM Features:                   
00:00:03.969691 Host Invariant-TSC support:      true 
00:00:03.969692 Physical Address Width:          48 bits
00:00:03.969692 Virtual Address Width:           48 bits
00:00:03.969693 Guest Physical Address Width:    0 bits
00:00:03.969693 Physical Core Count:             3
00:00:03.969694 
00:00:03.969695 ******************** End of CPUID dump **********************
00:00:03.984110 VMEmt: Halt method global1 (5)
00:00:03.984194 VMEmt: HaltedGlobal1 config: cNsSpinBlockThresholdCfg=50000
00:00:03.984264 Changing the VM state from 'CREATING' to 'CREATED'
00:00:03.993745 Changing the VM state from 'CREATED' to 'POWERING_ON'
00:00:03.993959 Changing the VM state from 'POWERING_ON' to 'RUNNING'
00:00:03.993986 Console: Machine state changed to 'Running'
00:00:04.007026 VMMDev: Guest Log: BIOS: VirtualBox 5.0.4
00:00:04.009864 PIT: mode=2 count=0x10000 (65536) - 18.20 Hz (ch=0)
00:00:04.026486 Display::handleDisplayResize: uScreenId=0 pvVRAM=0000000000000000 w=720 h=400 bpp=0 cbLine=0x0 flags=0x1
00:00:04.038583 PIIX3 ATA: Ctl#0: RESET, DevSel=0 AIOIf=0 CmdIf0=0x00 (-1 usec ago) CmdIf1=0x00 (-1 usec ago)
00:00:04.038712 PIIX3 ATA: Ctl#0: finished processing RESET
00:00:04.039286 VMMDev: Guest Log: BIOS: ata0-0: PCHS=4223/16/63 LCHS=527/128/63
00:00:04.039984 PIIX3 ATA: Ctl#0: RESET, DevSel=1 AIOIf=0 CmdIf0=0xec (-1 usec ago) CmdIf1=0x00 (-1 usec ago)
00:00:04.040019 PIIX3 ATA: Ctl#0: finished processing RESET
00:00:04.040429 VMMDev: Guest Log: BIOS: ata0-1: PCHS=11461/16/63 LCHS=719/255/63
00:00:04.041073 PIIX3 ATA: Ctl#1: RESET, DevSel=0 AIOIf=0 CmdIf0=0x00 (-1 usec ago) CmdIf1=0x00 (-1 usec ago)
00:00:04.041122 PIIX3 ATA: Ctl#1: finished processing RESET
00:00:04.041539 VMMDev: Guest Log: BIOS: ata1-0: PCHS=16383/16/63 LCHS=1024/255/63
00:00:04.042186 PIIX3 ATA: Ctl#1: RESET, DevSel=1 AIOIf=0 CmdIf0=0xec (-1 usec ago) CmdIf1=0x00 (-1 usec ago)
00:00:04.042580 PIIX3 ATA: Ctl#1: finished processing RESET
00:00:04.056656 PIT: mode=2 count=0x48d3 (18643) - 64.00 Hz (ch=0)
00:00:04.073181 Display::handleDisplayResize: uScreenId=0 pvVRAM=00000000096f0000 w=640 h=480 bpp=32 cbLine=0xA00 flags=0x1
00:00:06.545749 Display::handleDisplayResize: uScreenId=0 pvVRAM=0000000000000000 w=720 h=400 bpp=0 cbLine=0x0 flags=0x1
00:00:06.546428 PIT: mode=2 count=0x10000 (65536) - 18.20 Hz (ch=0)
00:00:06.546758 VMMDev: Guest Log: BIOS: Boot : bseqnr=1, bootseq=0002
00:00:06.547099 VMMDev: Guest Log: BIOS: Booting from Hard Disk...
00:00:06.547782 PIIX3 ATA: Ctl#0: RESET, DevSel=0 AIOIf=0 CmdIf0=0xc4 (-1 usec ago) CmdIf1=0xec (-1 usec ago)
00:00:06.547826 PIIX3 ATA: Ctl#0: finished processing RESET
00:00:06.549080 VMMDev: Guest Log: int13_harddisk_ext: function 41, unmapped device for ELDL=83
00:00:06.549620 VMMDev: Guest Log: int13_harddisk: function 08, unmapped device for ELDL=83
00:00:06.673767 VMMDev: Guest Log: BIOS: KBD: unsupported int 16h function 03
00:00:06.674088 VMMDev: Guest Log: BIOS: AX=0305 BX=0000 CX=0000 DX=0000 
00:00:07.293762 PIT: mode=2 count=0x12a5 (4773) - 249.98 Hz (ch=0)
00:00:07.583861 PIT: mode=0 count=0x10000 (65536) - 18.20 Hz (ch=0)
00:00:08.066014 OHCI: Software reset
00:00:08.133891 PIIX3 ATA: Ctl#0: RESET, DevSel=0 AIOIf=0 CmdIf0=0xc4 (-1 usec ago) CmdIf1=0xec (-1 usec ago)
00:00:08.133972 PIIX3 ATA: Ctl#0: finished processing RESET
00:00:08.134223 PIIX3 ATA: Ctl#1: RESET, DevSel=0 AIOIf=0 CmdIf0=0xec (-1 usec ago) CmdIf1=0x00 (-1 usec ago)
00:00:08.134303 PIIX3 ATA: Ctl#1: finished processing RESET
00:00:08.142883 OHCI: USB Reset
00:00:08.199141 OHCI: Software reset
00:00:08.199235 OHCI: USB Operational
00:00:08.299361 OHCI: USB Suspended
00:00:09.503887 VMMDev: Guest Additions information report: Version 4.3.12 r93733 '4.3.12'
00:00:09.503948 VMMDev: Guest Additions information report: Interface = 0x00010004 osType = 0x00053100 (Linux >= 2.6, 64-bit)
00:00:09.504118 VMMDev: Guest Additions capability report: (0x0 -> 0x0) seamless: no, hostWindowMapping: no, graphics: no
00:00:09.504261 VMMDev: Guest reported fixed hypervisor window at 00000c00000 (size = 0x1000000, rc = VINF_SUCCESS)
00:00:09.504597 VMMDev: Guest Log: vboxguest: major 0, IRQ 20, I/O port d040, MMIO at 00000000f0000000 (size 0x400000)
00:00:28.768325 NAT: IPv6 not supported
00:00:29.040593 NAT: DHCP offered IP address 10.0.3.15
00:00:29.041141 NAT: DHCP offered IP address 10.0.3.15
00:00:29.288699 OHCI: USB Resume
00:00:29.326634 OHCI: USB Operational
00:00:29.351436 OHCI: USB Suspended
